Using pre-set license
Built from '2020.3/staging' branch; Version is '2020.3.23f1 (c5d91304a876) revision 12966163'; Using compiler version '192528614'; Build Type 'Release'
OS: 'Windows 10 Pro; OS build 18363.1316; Version 1909; 64bit' Language: 'ko' Physical Memory: 16264 MB
BatchMode: 1, IsHumanControllingUs: 0, StartBugReporterOnCrash: 0, Is64bit: 1, IsPro: 0

COMMAND LINE ARGUMENTS:
C:\Program Files\Unity\Hub\Editor\2020.3.23f1\Editor\Unity.exe
-adb2
-batchMode
-noUpm
-name
AssetImportWorker0
-projectPath
C:/Users/SGA/Documents/GitHub/bathroom1/Portfolio2/PO2
-logFile
Logs/AssetImportWorker0.log
-srvPort
49758
Successfully changed project path to: C:/Users/SGA/Documents/GitHub/bathroom1/Portfolio2/PO2
C:/Users/SGA/Documents/GitHub/bathroom1/Portfolio2/PO2
Using Asset Import Pipeline V2.
Refreshing native plugins compatible for Editor in 105.28 ms, found 2 plugins.
Preloading 0 native plugins for Editor in 0.00 ms.
Initialize engine version: 2020.3.23f1 (c5d91304a876)
[Subsystems] Discovering subsystems at path C:/Program Files/Unity/Hub/Editor/2020.3.23f1/Editor/Data/Resources/UnitySubsystems
[Subsystems] Discovering subsystems at path C:/Users/SGA/Documents/GitHub/bathroom1/Portfolio2/PO2/Assets
GfxDevice: creating device client; threaded=0
Direct3D:
    Version:  Direct3D 11.0 [level 11.1]
    Renderer: Intel(R) HD Graphics 630 (ID=0x5912)
    Vendor:   
    VRAM:     8132 MB
    Driver:   27.20.100.8681
Initialize mono
Mono path[0] = 'C:/Program Files/Unity/Hub/Editor/2020.3.23f1/Editor/Data/Managed'
Mono path[1] = 'C:/Program Files/Unity/Hub/Editor/2020.3.23f1/Editor/Data/MonoBleedingEdge/lib/mono/unityjit'
Mono config path = 'C:/Program Files/Unity/Hub/Editor/2020.3.23f1/Editor/Data/MonoBleedingEdge/etc'
Using monoOptions --debugger-agent=transport=dt_socket,embedding=1,server=y,suspend=n,address=127.0.0.1:56208
Begin MonoManager ReloadAssembly
Registering precompiled unity dll's ...
Register platform support module: C:/Program Files/Unity/Hub/Editor/2020.3.23f1/Editor/Data/PlaybackEngines/WindowsStandaloneSupport/UnityEditor.WindowsStandalone.Extensions.dll
Registered in 0.113516 seconds.
Native extension for WindowsStandalone target not found
Refreshing native plugins compatible for Editor in 33.02 ms, found 2 plugins.
Preloading 0 native plugins for Editor in 0.00 ms.
Mono: successfully reloaded assembly
- Completed reload, in  3.389 seconds
Domain Reload Profiling:
	ReloadAssembly (3389ms)
		BeginReloadAssembly (2396ms)
			ExecutionOrderSort (0ms)
			DisableScriptedObjects (0ms)
			BackupInstance (0ms)
			ReleaseScriptingObjects (0ms)
			CreateAndSetChildDomain (1ms)
		EndReloadAssembly (721ms)
			LoadAssemblies (2398ms)
			RebuildTransferFunctionScriptingTraits (0ms)
			SetupTypeCache (412ms)
			ReleaseScriptCaches (0ms)
			RebuildScriptCaches (31ms)
			SetupLoadedEditorAssemblies (160ms)
				LogAssemblyErrors (0ms)
				InitializePlatformSupportModulesInManaged (4ms)
				SetLoadedEditorAssemblies (1ms)
				RefreshPlugins (33ms)
				BeforeProcessingInitializeOnLoad (16ms)
				ProcessInitializeOnLoadAttributes (76ms)
				ProcessInitializeOnLoadMethodAttributes (31ms)
				AfterProcessingInitializeOnLoad (0ms)
				EditorAssembliesLoaded (0ms)
			ExecutionOrderSort2 (0ms)
			AwakeInstancesAfterBackupRestoration (0ms)
Platform modules already initialized, skipping
Registering precompiled user dll's ...
Registered in 0.561973 seconds.
Begin MonoManager ReloadAssembly
Native extension for WindowsStandalone target not found
Refreshing native plugins compatible for Editor in 0.37 ms, found 2 plugins.
Preloading 0 native plugins for Editor in 0.00 ms.
Mono: successfully reloaded assembly
- Completed reload, in  3.432 seconds
Domain Reload Profiling:
	ReloadAssembly (3436ms)
		BeginReloadAssembly (138ms)
			ExecutionOrderSort (0ms)
			DisableScriptedObjects (5ms)
			BackupInstance (0ms)
			ReleaseScriptingObjects (0ms)
			CreateAndSetChildDomain (18ms)
		EndReloadAssembly (3240ms)
			LoadAssemblies (1179ms)
			RebuildTransferFunctionScriptingTraits (0ms)
			SetupTypeCache (888ms)
			ReleaseScriptCaches (0ms)
			RebuildScriptCaches (40ms)
			SetupLoadedEditorAssemblies (1038ms)
				LogAssemblyErrors (0ms)
				InitializePlatformSupportModulesInManaged (4ms)
				SetLoadedEditorAssemblies (1ms)
				RefreshPlugins (0ms)
				BeforeProcessingInitializeOnLoad (77ms)
				ProcessInitializeOnLoadAttributes (330ms)
				ProcessInitializeOnLoadMethodAttributes (620ms)
				AfterProcessingInitializeOnLoad (6ms)
				EditorAssembliesLoaded (0ms)
			ExecutionOrderSort2 (0ms)
			AwakeInstancesAfterBackupRestoration (6ms)
Platform modules already initialized, skipping
========================================================================
Worker process is ready to serve import requests
Launched and connected shader compiler UnityShaderCompiler.exe after 0.10 seconds
Refreshing native plugins compatible for Editor in 0.34 ms, found 2 plugins.
Preloading 0 native plugins for Editor in 0.00 ms.
Unloading 1499 Unused Serialized files (Serialized files now loaded: 0)
System memory in use before: 71.4 MB.
System memory in use after: 71.4 MB.

Unloading 19 unused Assets to reduce memory usage. Loaded Objects now: 1931.
Total: 2.903000 ms (FindLiveObjects: 0.133700 ms CreateObjectMapping: 0.046000 ms MarkObjects: 2.602200 ms  DeleteObjects: 0.120200 ms)

AssetImportParameters requested are different than current active one (requested -> active):
  custom:framework-win-MediaFoundation: 216162199b28c13a410421893ffa2e32 -> 
  custom:video-decoder-ogg-theora: a1e56fd34408186e4bbccfd4996cb3dc -> 
  custom:container-muxer-webm: aa71ff27fc2769a1b78a27578f13a17b -> 
  custom:container-demuxer-webm: 4f35f7cbe854078d1ac9338744f61a02 -> 
  custom:container-demuxer-ogg: 62fdf1f143b41e24485cea50d1cbac27 -> 
  custom:video-encoder-webm-vp8: eb34c28f22e8b96e1ab97ce403110664 -> 
  custom:video-decoder-webm-vp8: 9c59270c3fd7afecdb556c50c9e8de78 -> 
  custom:audio-decoder-ogg-vorbis: bf7c407c2cedff20999df2af8eb42d56 -> 
  custom:audio-encoder-webm-vorbis: bf7c407c2cedff20999df2af8eb42d56 -> 
========================================================================
Received Import Request.
  path: Assets/Resources/FBX/Texture/t_sk_countertop_no_edge_01_ao.png
  artifactKey: Guid(aa674d63c0e13d1448ecab5fe70e26e5) Importer(815301076,1909f56bfc062723c751e8b465ee728b)
Start importing Assets/Resources/FBX/Texture/t_sk_countertop_no_edge_01_ao.png using Guid(aa674d63c0e13d1448ecab5fe70e26e5) Importer(815301076,1909f56bfc062723c751e8b465ee728b)  -> (artifact id: '8fb57357a39377d8dd2f3281069a6726') in 0.114632 seconds 
  Import took 0.117029 seconds .

========================================================================
Received Import Request.
  Time since last request: 0.000289 seconds.
  path: Assets/Resources/FBX/Texture/t_city_marketstall_01_ao.png
  artifactKey: Guid(7c6966d78d1662b43b1e952eabbd7bff) Importer(815301076,1909f56bfc062723c751e8b465ee728b)
Start importing Assets/Resources/FBX/Texture/t_city_marketstall_01_ao.png using Guid(7c6966d78d1662b43b1e952eabbd7bff) Importer(815301076,1909f56bfc062723c751e8b465ee728b)  -> (artifact id: 'cbb4ebe13b4086a07ab73c71abfcc51e') in 0.029625 seconds 
  Import took 0.032559 seconds .

========================================================================
Received Import Request.
  Time since last request: 2288.426225 seconds.
  path: Assets/Resources/FBX/Texture/Materials/t_city_blacktiles_02_d.mat
  artifactKey: Guid(f092e7acde9872e47865e046904b1f63) Importer(815301076,1909f56bfc062723c751e8b465ee728b)
Start importing Assets/Resources/FBX/Texture/Materials/t_city_blacktiles_02_d.mat using Guid(f092e7acde9872e47865e046904b1f63) Importer(815301076,1909f56bfc062723c751e8b465ee728b)  -> (artifact id: 'c47c8f5e5a2df47e88987e15d290afb5') in 0.819345 seconds 
  Import took 0.961615 seconds .

========================================================================
Received Import Request.
  Time since last request: 2609.576697 seconds.
  path: Assets/Resources/FBX/Texture/UI_glow_02.png
  artifactKey: Guid(0670dbb2600deff45aa55369e7760010) Importer(815301076,1909f56bfc062723c751e8b465ee728b)
Start importing Assets/Resources/FBX/Texture/UI_glow_02.png using Guid(0670dbb2600deff45aa55369e7760010) Importer(815301076,1909f56bfc062723c751e8b465ee728b)  -> (artifact id: '0683a1f1caa26af2ecab5a7b81805612') in 0.039017 seconds 
  Import took 0.049175 seconds .

========================================================================
Received Import Request.
  Time since last request: 21.284131 seconds.
  path: Assets/Resources/FBX/Texture/Materials/UI_glow_02.mat
  artifactKey: Guid(4115b8e0195bdd346a86e9052d4426a0) Importer(815301076,1909f56bfc062723c751e8b465ee728b)
Start importing Assets/Resources/FBX/Texture/Materials/UI_glow_02.mat using Guid(4115b8e0195bdd346a86e9052d4426a0) Importer(815301076,1909f56bfc062723c751e8b465ee728b)  -> (artifact id: 'b2f6b04ef05807ceb10df946764a0a34') in 0.045565 seconds 
  Import took 0.052934 seconds .

========================================================================
Received Import Request.
  Time since last request: 60.554466 seconds.
  path: Assets/Resources/FBX/Texture/UI_glow_02.png
  artifactKey: Guid(0670dbb2600deff45aa55369e7760010) Importer(815301076,1909f56bfc062723c751e8b465ee728b)
Start importing Assets/Resources/FBX/Texture/UI_glow_02.png using Guid(0670dbb2600deff45aa55369e7760010) Importer(815301076,1909f56bfc062723c751e8b465ee728b)  -> (artifact id: 'd2385dfdb029c78fab9e11e32208dda9') in 0.055804 seconds 
  Import took 0.059450 seconds .

========================================================================
Received Import Request.
  Time since last request: 569.491095 seconds.
  path: Assets/Resources/FBX/Texture/t_pfx_glow_128_d.png
  artifactKey: Guid(25c022ab23bbbbe41bdf79150387385d) Importer(815301076,1909f56bfc062723c751e8b465ee728b)
Start importing Assets/Resources/FBX/Texture/t_pfx_glow_128_d.png using Guid(25c022ab23bbbbe41bdf79150387385d) Importer(815301076,1909f56bfc062723c751e8b465ee728b)  -> (artifact id: 'aad7681155fd4d3d5749910dffb304d2') in 0.045719 seconds 
  Import took 0.052301 seconds .

========================================================================
Received Import Request.
  Time since last request: 23.441734 seconds.
  path: Assets/Resources/FBX/Texture/Materials/t_pfx_glow_128_d.mat
  artifactKey: Guid(424afa6154b75ff44ac78213d1db7d50) Importer(815301076,1909f56bfc062723c751e8b465ee728b)
Start importing Assets/Resources/FBX/Texture/Materials/t_pfx_glow_128_d.mat using Guid(424afa6154b75ff44ac78213d1db7d50) Importer(815301076,1909f56bfc062723c751e8b465ee728b)  -> (artifact id: 'b0d8599bbcd29a311aff5e8c03d9c37c') in 0.034682 seconds 
  Import took 0.041091 seconds .

========================================================================
Received Import Request.
  Time since last request: 202.246149 seconds.
  path: Assets/Resources/FBX/m_sk_the_pass_02.fbx
  artifactKey: Guid(6e38597c80eec7040a0e963e68375e7b) Importer(815301076,1909f56bfc062723c751e8b465ee728b)
Start importing Assets/Resources/FBX/m_sk_the_pass_02.fbx using Guid(6e38597c80eec7040a0e963e68375e7b) Importer(815301076,1909f56bfc062723c751e8b465ee728b)  -> (artifact id: 'a46db2c6449d9a7c67e9b3374323eea6') in 0.168735 seconds 
  Import took 0.171365 seconds .

========================================================================
Received Import Request.
  Time since last request: 158.533099 seconds.
  path: Assets/Resources/FBX/t_city_pass_glow_01.png
  artifactKey: Guid(268f054b9bc3b9a4fa638b9ecc902ac5) Importer(815301076,1909f56bfc062723c751e8b465ee728b)
Start importing Assets/Resources/FBX/t_city_pass_glow_01.png using Guid(268f054b9bc3b9a4fa638b9ecc902ac5) Importer(815301076,1909f56bfc062723c751e8b465ee728b)  -> (artifact id: '76ca37b869325afb92e79bfe59116093') in 0.031325 seconds 
  Import took 0.036634 seconds .

========================================================================
Received Import Request.
  Time since last request: 0.000221 seconds.
  path: Assets/Resources/FBX/t_city_pass_glowscroll_01.png
  artifactKey: Guid(d41a6f927aa5fdf41a242ec8178c8d58) Importer(815301076,1909f56bfc062723c751e8b465ee728b)
Start importing Assets/Resources/FBX/t_city_pass_glowscroll_01.png using Guid(d41a6f927aa5fdf41a242ec8178c8d58) Importer(815301076,1909f56bfc062723c751e8b465ee728b)  -> (artifact id: '6ba26cb4b10faedb1a5b5af73cb957a3') in 0.017120 seconds 
  Import took 0.021416 seconds .

========================================================================
Received Import Request.
  Time since last request: 1758.226419 seconds.
  path: Assets/Resources/FBX/Texture/Materials/t_city_pass_glow_01.mat
  artifactKey: Guid(a4ea744c892e8d844aa7c480ac544a30) Importer(815301076,1909f56bfc062723c751e8b465ee728b)
Start importing Assets/Resources/FBX/Texture/Materials/t_city_pass_glow_01.mat using Guid(a4ea744c892e8d844aa7c480ac544a30) Importer(815301076,1909f56bfc062723c751e8b465ee728b)  -> (artifact id: 'e7c5dc4a2d9e8652d50b1b0832577588') in 0.045097 seconds 
  Import took 0.052824 seconds .

========================================================================
Received Import Request.
  Time since last request: 0.000270 seconds.
  path: Assets/Resources/FBX/Texture/Materials/t_city_pass_glow_01 1.mat
  artifactKey: Guid(904d7c9c8bb1a704d83e1f9e7a880112) Importer(815301076,1909f56bfc062723c751e8b465ee728b)
Start importing Assets/Resources/FBX/Texture/Materials/t_city_pass_glow_01 1.mat using Guid(904d7c9c8bb1a704d83e1f9e7a880112) Importer(815301076,1909f56bfc062723c751e8b465ee728b)  -> (artifact id: '1ccaf8e422221e76d654d5c4e9c54d42') in 0.022944 seconds 
  Import took 0.028288 seconds .

========================================================================
Received Import Request.
  Time since last request: 0.000252 seconds.
  path: Assets/Resources/FBX/Texture/Materials/t_pfx_glow_128_d.mat
  artifactKey: Guid(424afa6154b75ff44ac78213d1db7d50) Importer(815301076,1909f56bfc062723c751e8b465ee728b)
Start importing Assets/Resources/FBX/Texture/Materials/t_pfx_glow_128_d.mat using Guid(424afa6154b75ff44ac78213d1db7d50) Importer(815301076,1909f56bfc062723c751e8b465ee728b)  -> (artifact id: '8edba2b071a2cd33186924fdd2414aad') in 0.030708 seconds 
  Import took 0.038163 seconds .

========================================================================
Received Import Request.
  Time since last request: 968.807957 seconds.
  path: Assets/Resources/FBX/Texture/Materials/t_city_orning_d 1.mat
  artifactKey: Guid(1bd1714d428aaa748a6e520e7aacf9f5) Importer(815301076,1909f56bfc062723c751e8b465ee728b)
Start importing Assets/Resources/FBX/Texture/Materials/t_city_orning_d 1.mat using Guid(1bd1714d428aaa748a6e520e7aacf9f5) Importer(815301076,1909f56bfc062723c751e8b465ee728b)  -> (artifact id: 'de18978b3759ab7a879a0c1d770d2716') in 0.044416 seconds 
  Import took 0.048417 seconds .

========================================================================
Received Import Request.
  Time since last request: 279.871333 seconds.
  path: Assets/Code/PlayerController.cs
  artifactKey: Guid(5c5a9be4f881ded4e95a7e65fdb70e5d) Importer(815301076,1909f56bfc062723c751e8b465ee728b)
Start importing Assets/Code/PlayerController.cs using Guid(5c5a9be4f881ded4e95a7e65fdb70e5d) Importer(815301076,1909f56bfc062723c751e8b465ee728b)  -> (artifact id: '846ba4ffcf67ae8e1f63ed0a38bfa484') in 0.013372 seconds 
  Import took 0.017580 seconds .

========================================================================
Received Prepare
Registering precompiled user dll's ...
Registered in 0.008287 seconds.
Begin MonoManager ReloadAssembly
Native extension for WindowsStandalone target not found
Refreshing native plugins compatible for Editor in 0.36 ms, found 2 plugins.
Preloading 0 native plugins for Editor in 0.00 ms.
Mono: successfully reloaded assembly
- Completed reload, in  1.288 seconds
Domain Reload Profiling:
	ReloadAssembly (1289ms)
		BeginReloadAssembly (265ms)
			ExecutionOrderSort (1ms)
			DisableScriptedObjects (32ms)
			BackupInstance (0ms)
			ReleaseScriptingObjects (0ms)
			CreateAndSetChildDomain (132ms)
		EndReloadAssembly (950ms)
			LoadAssemblies (206ms)
			RebuildTransferFunctionScriptingTraits (0ms)
			SetupTypeCache (307ms)
			ReleaseScriptCaches (1ms)
			RebuildScriptCaches (36ms)
			SetupLoadedEditorAssemblies (278ms)
				LogAssemblyErrors (0ms)
				InitializePlatformSupportModulesInManaged (5ms)
				SetLoadedEditorAssemblies (1ms)
				RefreshPlugins (0ms)
				BeforeProcessingInitializeOnLoad (73ms)
				ProcessInitializeOnLoadAttributes (184ms)
				ProcessInitializeOnLoadMethodAttributes (9ms)
				AfterProcessingInitializeOnLoad (6ms)
				EditorAssembliesLoaded (0ms)
			ExecutionOrderSort2 (0ms)
			AwakeInstancesAfterBackupRestoration (7ms)
Platform modules already initialized, skipping
Refreshing native plugins compatible for Editor in 0.35 ms, found 2 plugins.
Preloading 0 native plugins for Editor in 0.00 ms.
Unloading 1493 Unused Serialized files (Serialized files now loaded: 0)
System memory in use before: 74.8 MB.
System memory in use after: 74.9 MB.

Unloading 14 unused Assets to reduce memory usage. Loaded Objects now: 1980.
Total: 4.767200 ms (FindLiveObjects: 0.169800 ms CreateObjectMapping: 0.059300 ms MarkObjects: 4.487900 ms  DeleteObjects: 0.048800 ms)

AssetImportParameters requested are different than current active one (requested -> active):
  custom:framework-win-MediaFoundation: 216162199b28c13a410421893ffa2e32 -> 
  custom:video-decoder-ogg-theora: a1e56fd34408186e4bbccfd4996cb3dc -> 
  custom:container-muxer-webm: aa71ff27fc2769a1b78a27578f13a17b -> 
  custom:container-demuxer-webm: 4f35f7cbe854078d1ac9338744f61a02 -> 
  custom:container-demuxer-ogg: 62fdf1f143b41e24485cea50d1cbac27 -> 
  custom:video-encoder-webm-vp8: eb34c28f22e8b96e1ab97ce403110664 -> 
  custom:video-decoder-webm-vp8: 9c59270c3fd7afecdb556c50c9e8de78 -> 
  custom:audio-decoder-ogg-vorbis: bf7c407c2cedff20999df2af8eb42d56 -> 
  custom:audio-encoder-webm-vorbis: bf7c407c2cedff20999df2af8eb42d56 -> 
========================================================================
Received Prepare
Registering precompiled user dll's ...
Registered in 0.004412 seconds.
Begin MonoManager ReloadAssembly
Native extension for WindowsStandalone target not found
Refreshing native plugins compatible for Editor in 0.37 ms, found 2 plugins.
Preloading 0 native plugins for Editor in 0.00 ms.
Mono: successfully reloaded assembly
- Completed reload, in  0.966 seconds
Domain Reload Profiling:
	ReloadAssembly (967ms)
		BeginReloadAssembly (98ms)
			ExecutionOrderSort (0ms)
			DisableScriptedObjects (4ms)
			BackupInstance (0ms)
			ReleaseScriptingObjects (0ms)
			CreateAndSetChildDomain (30ms)
		EndReloadAssembly (796ms)
			LoadAssemblies (84ms)
			RebuildTransferFunctionScriptingTraits (0ms)
			SetupTypeCache (269ms)
			ReleaseScriptCaches (1ms)
			RebuildScriptCaches (37ms)
			SetupLoadedEditorAssemblies (309ms)
				LogAssemblyErrors (6ms)
				InitializePlatformSupportModulesInManaged (15ms)
				SetLoadedEditorAssemblies (1ms)
				RefreshPlugins (0ms)
				BeforeProcessingInitializeOnLoad (72ms)
				ProcessInitializeOnLoadAttributes (200ms)
				ProcessInitializeOnLoadMethodAttributes (9ms)
				AfterProcessingInitializeOnLoad (6ms)
				EditorAssembliesLoaded (0ms)
			ExecutionOrderSort2 (0ms)
			AwakeInstancesAfterBackupRestoration (7ms)
Platform modules already initialized, skipping
Refreshing native plugins compatible for Editor in 0.40 ms, found 2 plugins.
Preloading 0 native plugins for Editor in 0.00 ms.
Unloading 1493 Unused Serialized files (Serialized files now loaded: 0)
System memory in use before: 74.8 MB.
System memory in use after: 75.0 MB.

Unloading 14 unused Assets to reduce memory usage. Loaded Objects now: 1982.
Total: 2.410000 ms (FindLiveObjects: 0.137800 ms CreateObjectMapping: 0.045400 ms MarkObjects: 2.195700 ms  DeleteObjects: 0.030200 ms)

AssetImportParameters requested are different than current active one (requested -> active):
  custom:framework-win-MediaFoundation: 216162199b28c13a410421893ffa2e32 -> 
  custom:video-decoder-ogg-theora: a1e56fd34408186e4bbccfd4996cb3dc -> 
  custom:container-muxer-webm: aa71ff27fc2769a1b78a27578f13a17b -> 
  custom:container-demuxer-webm: 4f35f7cbe854078d1ac9338744f61a02 -> 
  custom:container-demuxer-ogg: 62fdf1f143b41e24485cea50d1cbac27 -> 
  custom:video-encoder-webm-vp8: eb34c28f22e8b96e1ab97ce403110664 -> 
  custom:video-decoder-webm-vp8: 9c59270c3fd7afecdb556c50c9e8de78 -> 
  custom:audio-decoder-ogg-vorbis: bf7c407c2cedff20999df2af8eb42d56 -> 
  custom:audio-encoder-webm-vorbis: bf7c407c2cedff20999df2af8eb42d56 -> 
========================================================================
Received Prepare
Registering precompiled user dll's ...
Registered in 0.004136 seconds.
Begin MonoManager ReloadAssembly
Native extension for WindowsStandalone target not found
Refreshing native plugins compatible for Editor in 0.36 ms, found 2 plugins.
Preloading 0 native plugins for Editor in 0.00 ms.
Mono: successfully reloaded assembly
- Completed reload, in  1.027 seconds
Domain Reload Profiling:
	ReloadAssembly (1028ms)
		BeginReloadAssembly (99ms)
			ExecutionOrderSort (0ms)
			DisableScriptedObjects (5ms)
			BackupInstance (0ms)
			ReleaseScriptingObjects (0ms)
			CreateAndSetChildDomain (31ms)
		EndReloadAssembly (864ms)
			LoadAssemblies (82ms)
			RebuildTransferFunctionScriptingTraits (0ms)
			SetupTypeCache (308ms)
			ReleaseScriptCaches (1ms)
			RebuildScriptCaches (36ms)
			SetupLoadedEditorAssemblies (345ms)
				LogAssemblyErrors (0ms)
				InitializePlatformSupportModulesInManaged (4ms)
				SetLoadedEditorAssemblies (0ms)
				RefreshPlugins (0ms)
				BeforeProcessingInitializeOnLoad (149ms)
				ProcessInitializeOnLoadAttributes (177ms)
				ProcessInitializeOnLoadMethodAttributes (8ms)
				AfterProcessingInitializeOnLoad (6ms)
				EditorAssembliesLoaded (0ms)
			ExecutionOrderSort2 (0ms)
			AwakeInstancesAfterBackupRestoration (7ms)
Platform modules already initialized, skipping
Refreshing native plugins compatible for Editor in 0.35 ms, found 2 plugins.
Preloading 0 native plugins for Editor in 0.00 ms.
Unloading 1493 Unused Serialized files (Serialized files now loaded: 0)
System memory in use before: 74.9 MB.
System memory in use after: 75.0 MB.

Unloading 14 unused Assets to reduce memory usage. Loaded Objects now: 1984.
Total: 2.513900 ms (FindLiveObjects: 0.138600 ms CreateObjectMapping: 0.046900 ms MarkObjects: 2.311300 ms  DeleteObjects: 0.016000 ms)

AssetImportParameters requested are different than current active one (requested -> active):
  custom:framework-win-MediaFoundation: 216162199b28c13a410421893ffa2e32 -> 
  custom:video-decoder-ogg-theora: a1e56fd34408186e4bbccfd4996cb3dc -> 
  custom:container-muxer-webm: aa71ff27fc2769a1b78a27578f13a17b -> 
  custom:container-demuxer-webm: 4f35f7cbe854078d1ac9338744f61a02 -> 
  custom:container-demuxer-ogg: 62fdf1f143b41e24485cea50d1cbac27 -> 
  custom:video-encoder-webm-vp8: eb34c28f22e8b96e1ab97ce403110664 -> 
  custom:video-decoder-webm-vp8: 9c59270c3fd7afecdb556c50c9e8de78 -> 
  custom:audio-decoder-ogg-vorbis: bf7c407c2cedff20999df2af8eb42d56 -> 
  custom:audio-encoder-webm-vorbis: bf7c407c2cedff20999df2af8eb42d56 -> 
========================================================================
Received Prepare
Registering precompiled user dll's ...
Registered in 0.004028 seconds.
Begin MonoManager ReloadAssembly
Native extension for WindowsStandalone target not found
Refreshing native plugins compatible for Editor in 0.35 ms, found 2 plugins.
Preloading 0 native plugins for Editor in 0.00 ms.
Mono: successfully reloaded assembly
- Completed reload, in  1.066 seconds
Domain Reload Profiling:
	ReloadAssembly (1066ms)
		BeginReloadAssembly (106ms)
			ExecutionOrderSort (0ms)
			DisableScriptedObjects (4ms)
			BackupInstance (0ms)
			ReleaseScriptingObjects (0ms)
			CreateAndSetChildDomain (29ms)
		EndReloadAssembly (895ms)
			LoadAssemblies (83ms)
			RebuildTransferFunctionScriptingTraits (0ms)
			SetupTypeCache (321ms)
			ReleaseScriptCaches (1ms)
			RebuildScriptCaches (38ms)
			SetupLoadedEditorAssemblies (360ms)
				LogAssemblyErrors (0ms)
				InitializePlatformSupportModulesInManaged (4ms)
				SetLoadedEditorAssemblies (0ms)
				RefreshPlugins (0ms)
				BeforeProcessingInitializeOnLoad (68ms)
				ProcessInitializeOnLoadAttributes (273ms)
				ProcessInitializeOnLoadMethodAttributes (9ms)
				AfterProcessingInitializeOnLoad (6ms)
				EditorAssembliesLoaded (0ms)
			ExecutionOrderSort2 (0ms)
			AwakeInstancesAfterBackupRestoration (6ms)
Platform modules already initialized, skipping
Refreshing native plugins compatible for Editor in 0.35 ms, found 2 plugins.
Preloading 0 native plugins for Editor in 0.00 ms.
Unloading 1494 Unused Serialized files (Serialized files now loaded: 0)
System memory in use before: 74.9 MB.
System memory in use after: 75.0 MB.

Unloading 14 unused Assets to reduce memory usage. Loaded Objects now: 1987.
Total: 2.976700 ms (FindLiveObjects: 0.179600 ms CreateObjectMapping: 0.053500 ms MarkObjects: 2.723000 ms  DeleteObjects: 0.019200 ms)

AssetImportParameters requested are different than current active one (requested -> active):
  custom:framework-win-MediaFoundation: 216162199b28c13a410421893ffa2e32 -> 
  custom:video-decoder-ogg-theora: a1e56fd34408186e4bbccfd4996cb3dc -> 
  custom:container-muxer-webm: aa71ff27fc2769a1b78a27578f13a17b -> 
  custom:container-demuxer-webm: 4f35f7cbe854078d1ac9338744f61a02 -> 
  custom:container-demuxer-ogg: 62fdf1f143b41e24485cea50d1cbac27 -> 
  custom:video-encoder-webm-vp8: eb34c28f22e8b96e1ab97ce403110664 -> 
  custom:video-decoder-webm-vp8: 9c59270c3fd7afecdb556c50c9e8de78 -> 
  custom:audio-decoder-ogg-vorbis: bf7c407c2cedff20999df2af8eb42d56 -> 
  custom:audio-encoder-webm-vorbis: bf7c407c2cedff20999df2af8eb42d56 -> 
AssetImportWorkerClient::OnTransportError - code=2 error=End of file
