Using pre-set license
Built from '2020.3/staging' branch; Version is '2020.3.23f1 (c5d91304a876) revision 12966163'; Using compiler version '192528614'; Build Type 'Release'
OS: 'Windows 10 Pro; OS build 18363.1316; Version 1909; 64bit' Language: 'ko' Physical Memory: 16264 MB
BatchMode: 1, IsHumanControllingUs: 0, StartBugReporterOnCrash: 0, Is64bit: 1, IsPro: 0

COMMAND LINE ARGUMENTS:
C:\Program Files\Unity\Hub\Editor\2020.3.23f1\Editor\Unity.exe
-adb2
-batchMode
-noUpm
-name
AssetImportWorker0
-projectPath
C:/Users/SGA/Documents/GitHub/bathroom1/Portfolio2/PO2
-logFile
Logs/AssetImportWorker0.log
-srvPort
49840
Successfully changed project path to: C:/Users/SGA/Documents/GitHub/bathroom1/Portfolio2/PO2
C:/Users/SGA/Documents/GitHub/bathroom1/Portfolio2/PO2
Using Asset Import Pipeline V2.
Refreshing native plugins compatible for Editor in 37.87 ms, found 2 plugins.
Preloading 0 native plugins for Editor in 0.00 ms.
Initialize engine version: 2020.3.23f1 (c5d91304a876)
[Subsystems] Discovering subsystems at path C:/Program Files/Unity/Hub/Editor/2020.3.23f1/Editor/Data/Resources/UnitySubsystems
[Subsystems] Discovering subsystems at path C:/Users/SGA/Documents/GitHub/bathroom1/Portfolio2/PO2/Assets
GfxDevice: creating device client; threaded=0
Direct3D:
    Version:  Direct3D 11.0 [level 11.1]
    Renderer: Intel(R) HD Graphics 630 (ID=0x5912)
    Vendor:   
    VRAM:     8132 MB
    Driver:   27.20.100.8681
Initialize mono
Mono path[0] = 'C:/Program Files/Unity/Hub/Editor/2020.3.23f1/Editor/Data/Managed'
Mono path[1] = 'C:/Program Files/Unity/Hub/Editor/2020.3.23f1/Editor/Data/MonoBleedingEdge/lib/mono/unityjit'
Mono config path = 'C:/Program Files/Unity/Hub/Editor/2020.3.23f1/Editor/Data/MonoBleedingEdge/etc'
Using monoOptions --debugger-agent=transport=dt_socket,embedding=1,server=y,suspend=n,address=127.0.0.1:56056
Begin MonoManager ReloadAssembly
Registering precompiled unity dll's ...
Register platform support module: C:/Program Files/Unity/Hub/Editor/2020.3.23f1/Editor/Data/PlaybackEngines/WindowsStandaloneSupport/UnityEditor.WindowsStandalone.Extensions.dll
Registered in 0.001671 seconds.
Native extension for WindowsStandalone target not found
Refreshing native plugins compatible for Editor in 35.57 ms, found 2 plugins.
Preloading 0 native plugins for Editor in 0.00 ms.
Mono: successfully reloaded assembly
- Completed reload, in  0.554 seconds
Domain Reload Profiling:
	ReloadAssembly (554ms)
		BeginReloadAssembly (50ms)
			ExecutionOrderSort (0ms)
			DisableScriptedObjects (0ms)
			BackupInstance (0ms)
			ReleaseScriptingObjects (0ms)
			CreateAndSetChildDomain (1ms)
		EndReloadAssembly (434ms)
			LoadAssemblies (48ms)
			RebuildTransferFunctionScriptingTraits (0ms)
			SetupTypeCache (148ms)
			ReleaseScriptCaches (0ms)
			RebuildScriptCaches (29ms)
			SetupLoadedEditorAssemblies (157ms)
				LogAssemblyErrors (0ms)
				InitializePlatformSupportModulesInManaged (4ms)
				SetLoadedEditorAssemblies (0ms)
				RefreshPlugins (36ms)
				BeforeProcessingInitializeOnLoad (16ms)
				ProcessInitializeOnLoadAttributes (75ms)
				ProcessInitializeOnLoadMethodAttributes (27ms)
				AfterProcessingInitializeOnLoad (0ms)
				EditorAssembliesLoaded (0ms)
			ExecutionOrderSort2 (0ms)
			AwakeInstancesAfterBackupRestoration (0ms)
Platform modules already initialized, skipping
Registering precompiled user dll's ...
Registered in 0.004702 seconds.
Begin MonoManager ReloadAssembly
Native extension for WindowsStandalone target not found
Refreshing native plugins compatible for Editor in 0.39 ms, found 2 plugins.
Preloading 0 native plugins for Editor in 0.00 ms.
Mono: successfully reloaded assembly
- Completed reload, in  1.034 seconds
Domain Reload Profiling:
	ReloadAssembly (1035ms)
		BeginReloadAssembly (150ms)
			ExecutionOrderSort (0ms)
			DisableScriptedObjects (4ms)
			BackupInstance (0ms)
			ReleaseScriptingObjects (0ms)
			CreateAndSetChildDomain (18ms)
		EndReloadAssembly (822ms)
			LoadAssemblies (105ms)
			RebuildTransferFunctionScriptingTraits (0ms)
			SetupTypeCache (286ms)
			ReleaseScriptCaches (0ms)
			RebuildScriptCaches (41ms)
			SetupLoadedEditorAssemblies (302ms)
				LogAssemblyErrors (0ms)
				InitializePlatformSupportModulesInManaged (4ms)
				SetLoadedEditorAssemblies (0ms)
				RefreshPlugins (0ms)
				BeforeProcessingInitializeOnLoad (78ms)
				ProcessInitializeOnLoadAttributes (201ms)
				ProcessInitializeOnLoadMethodAttributes (12ms)
				AfterProcessingInitializeOnLoad (7ms)
				EditorAssembliesLoaded (0ms)
			ExecutionOrderSort2 (0ms)
			AwakeInstancesAfterBackupRestoration (6ms)
Platform modules already initialized, skipping
========================================================================
Worker process is ready to serve import requests
Launched and connected shader compiler UnityShaderCompiler.exe after 0.07 seconds
Refreshing native plugins compatible for Editor in 0.37 ms, found 2 plugins.
Preloading 0 native plugins for Editor in 0.00 ms.
Unloading 1559 Unused Serialized files (Serialized files now loaded: 0)
System memory in use before: 73.4 MB.
System memory in use after: 73.5 MB.

Unloading 19 unused Assets to reduce memory usage. Loaded Objects now: 1993.
Total: 2.968700 ms (FindLiveObjects: 0.148900 ms CreateObjectMapping: 0.056600 ms MarkObjects: 2.689300 ms  DeleteObjects: 0.072300 ms)

AssetImportParameters requested are different than current active one (requested -> active):
  custom:framework-win-MediaFoundation: 216162199b28c13a410421893ffa2e32 -> 
  custom:video-decoder-ogg-theora: a1e56fd34408186e4bbccfd4996cb3dc -> 
  custom:container-muxer-webm: aa71ff27fc2769a1b78a27578f13a17b -> 
  custom:container-demuxer-webm: 4f35f7cbe854078d1ac9338744f61a02 -> 
  custom:container-demuxer-ogg: 62fdf1f143b41e24485cea50d1cbac27 -> 
  custom:video-encoder-webm-vp8: eb34c28f22e8b96e1ab97ce403110664 -> 
  custom:video-decoder-webm-vp8: 9c59270c3fd7afecdb556c50c9e8de78 -> 
  custom:audio-decoder-ogg-vorbis: bf7c407c2cedff20999df2af8eb42d56 -> 
  custom:audio-encoder-webm-vorbis: bf7c407c2cedff20999df2af8eb42d56 -> 
========================================================================
Received Import Request.
  path: Assets/Resources/FBX/Texture/Materials/t_maptile_01.mat
  artifactKey: Guid(09ab2cd293436e447b5ce64039ef1fcf) Importer(815301076,1909f56bfc062723c751e8b465ee728b)
Start importing Assets/Resources/FBX/Texture/Materials/t_maptile_01.mat using Guid(09ab2cd293436e447b5ce64039ef1fcf) Importer(815301076,1909f56bfc062723c751e8b465ee728b)  -> (artifact id: 'dc0e888107c5a539fe4b3593e7260b97') in 0.194497 seconds 
  Import took 0.197269 seconds .

========================================================================
Received Import Request.
  Time since last request: 146.211180 seconds.
  path: Assets/Resources/FBX/Texture/Materials/t_maptile_07.mat
  artifactKey: Guid(a873824f76e4db440aeb0860257fd962) Importer(815301076,1909f56bfc062723c751e8b465ee728b)
Start importing Assets/Resources/FBX/Texture/Materials/t_maptile_07.mat using Guid(a873824f76e4db440aeb0860257fd962) Importer(815301076,1909f56bfc062723c751e8b465ee728b)  -> (artifact id: 'fadf693c4e8de85042d008ce94ab5418') in 0.016143 seconds 
  Import took 0.019552 seconds .

========================================================================
Received Import Request.
  Time since last request: 39.888169 seconds.
  path: Assets/Resources/FBX/Texture/Materials/t_maptile_06.mat
  artifactKey: Guid(807ee86ae5a1cef47802639c1049c1a7) Importer(815301076,1909f56bfc062723c751e8b465ee728b)
Start importing Assets/Resources/FBX/Texture/Materials/t_maptile_06.mat using Guid(807ee86ae5a1cef47802639c1049c1a7) Importer(815301076,1909f56bfc062723c751e8b465ee728b)  -> (artifact id: '0cd863f4fb0e5d8c6cfa4b28837b3083') in 0.031065 seconds 
  Import took 0.034117 seconds .

========================================================================
Received Import Request.
  Time since last request: 328.951353 seconds.
  path: Assets/Resources/FBX/Texture/Materials/t_maptile_07 1.mat
  artifactKey: Guid(92267ffd756d9094cbf36360a055c110) Importer(815301076,1909f56bfc062723c751e8b465ee728b)
Start importing Assets/Resources/FBX/Texture/Materials/t_maptile_07 1.mat using Guid(92267ffd756d9094cbf36360a055c110) Importer(815301076,1909f56bfc062723c751e8b465ee728b)  -> (artifact id: '25538ceeeb4f6e74e32661b0f13aeb5c') in 0.026300 seconds 
  Import took 0.030014 seconds .

========================================================================
Received Import Request.
  Time since last request: 664.139123 seconds.
  path: Assets/Resources/FBX/Texture/Materials/t_maptile_08.mat
  artifactKey: Guid(70cb75ba4c3af96408160a21b04f528d) Importer(815301076,1909f56bfc062723c751e8b465ee728b)
Start importing Assets/Resources/FBX/Texture/Materials/t_maptile_08.mat using Guid(70cb75ba4c3af96408160a21b04f528d) Importer(815301076,1909f56bfc062723c751e8b465ee728b)  -> (artifact id: '0ea8958256fe7a6db5853017c6566129') in 0.019000 seconds 
  Import took 0.022380 seconds .

========================================================================
Received Import Request.
  Time since last request: 69.245096 seconds.
  path: Assets/Resources/FBX/Texture/Materials/t_maptile_09.mat
  artifactKey: Guid(491c6a086561a2043ba122fc1805c169) Importer(815301076,1909f56bfc062723c751e8b465ee728b)
Start importing Assets/Resources/FBX/Texture/Materials/t_maptile_09.mat using Guid(491c6a086561a2043ba122fc1805c169) Importer(815301076,1909f56bfc062723c751e8b465ee728b)  -> (artifact id: '54408210b4c429ee523487b281b03e9a') in 0.026912 seconds 
  Import took 0.030000 seconds .

========================================================================
Received Import Request.
  Time since last request: 478.307035 seconds.
  path: Assets/Grid.fbx
  artifactKey: Guid(891bd2221a3f60846ac5a8af042ee6dd) Importer(815301076,1909f56bfc062723c751e8b465ee728b)
Start importing Assets/Grid.fbx using Guid(891bd2221a3f60846ac5a8af042ee6dd) Importer(815301076,1909f56bfc062723c751e8b465ee728b)  -> (artifact id: '5a097094582be49d4ede3a20ba4ec5f1') in 11.200625 seconds 
  Import took 11.256323 seconds .

========================================================================
Received Import Request.
  Time since last request: 364.170571 seconds.
  path: Assets/Resources/FBX/Texture/Materials/t_sk_crate_lid_images 1.mat
  artifactKey: Guid(1aa9e3fb480470944901179c3d00ffc9) Importer(815301076,1909f56bfc062723c751e8b465ee728b)
Start importing Assets/Resources/FBX/Texture/Materials/t_sk_crate_lid_images 1.mat using Guid(1aa9e3fb480470944901179c3d00ffc9) Importer(815301076,1909f56bfc062723c751e8b465ee728b)  -> (artifact id: '1f5bc12798d8ec41ef6e6600489fc23d') in 0.115122 seconds 
  Import took 0.121425 seconds .

========================================================================
Received Import Request.
  Time since last request: 0.000226 seconds.
  path: Assets/Resources/FBX/Texture/Materials/t_sk_crate_lid_images.mat
  artifactKey: Guid(102c33fb4f68f2745b86f7e6b001d4cc) Importer(815301076,1909f56bfc062723c751e8b465ee728b)
Start importing Assets/Resources/FBX/Texture/Materials/t_sk_crate_lid_images.mat using Guid(102c33fb4f68f2745b86f7e6b001d4cc) Importer(815301076,1909f56bfc062723c751e8b465ee728b)  -> (artifact id: 'f89d4125589edbe416afa8e7a5d2b843') in 0.037926 seconds 
  Import took 0.041474 seconds .

========================================================================
Received Import Request.
  Time since last request: 309.863176 seconds.
  path: Assets/Resources/FBX/Texture/t_map_flag_01_d.png
  artifactKey: Guid(da423bb2bdb5c6148bd14ab66033119d) Importer(815301076,1909f56bfc062723c751e8b465ee728b)
Start importing Assets/Resources/FBX/Texture/t_map_flag_01_d.png using Guid(da423bb2bdb5c6148bd14ab66033119d) Importer(815301076,1909f56bfc062723c751e8b465ee728b)  -> (artifact id: '34bbaf9e89206be3dc9212d02c97f944') in 0.054000 seconds 
  Import took 0.058114 seconds .

========================================================================
Received Import Request.
  Time since last request: 200.381090 seconds.
  path: Assets/Resources/FBX/Texture/Materials/t_map_flag_01_d.mat
  artifactKey: Guid(dcf1ecc1903f71940b8d6f6de3353b10) Importer(815301076,1909f56bfc062723c751e8b465ee728b)
Start importing Assets/Resources/FBX/Texture/Materials/t_map_flag_01_d.mat using Guid(dcf1ecc1903f71940b8d6f6de3353b10) Importer(815301076,1909f56bfc062723c751e8b465ee728b)  -> (artifact id: 'fe6855e62fe4ff902f816cfdad1095da') in 0.036899 seconds 
  Import took 0.041228 seconds .

========================================================================
Received Import Request.
  Time since last request: 259.874758 seconds.
  path: Assets/Resources/FBX/Texture/Materials/M_Map_Ramp_05_d.mat
  artifactKey: Guid(f7a326fd93a1518469b2861926947a89) Importer(815301076,1909f56bfc062723c751e8b465ee728b)
Start importing Assets/Resources/FBX/Texture/Materials/M_Map_Ramp_05_d.mat using Guid(f7a326fd93a1518469b2861926947a89) Importer(815301076,1909f56bfc062723c751e8b465ee728b)  -> (artifact id: '02bd362a71e3a71fc1dfb50d1f144f55') in 0.027633 seconds 
  Import took 0.031521 seconds .

========================================================================
Received Import Request.
  Time since last request: 247.165872 seconds.
  path: Assets/CameramOVE.cs
  artifactKey: Guid(34bb0d6078d84b242b6c97b56a4230e3) Importer(815301076,1909f56bfc062723c751e8b465ee728b)
Start importing Assets/CameramOVE.cs using Guid(34bb0d6078d84b242b6c97b56a4230e3) Importer(815301076,1909f56bfc062723c751e8b465ee728b)  -> (artifact id: '473bac81e1df4b601ce2d81dc8c1eaf2') in 0.016477 seconds 
  Import took 0.019966 seconds .

========================================================================
Received Prepare
Registering precompiled user dll's ...
Registered in 0.004134 seconds.
Begin MonoManager ReloadAssembly
Native extension for WindowsStandalone target not found
Refreshing native plugins compatible for Editor in 0.38 ms, found 2 plugins.
Preloading 0 native plugins for Editor in 0.00 ms.
Mono: successfully reloaded assembly
- Completed reload, in  0.958 seconds
Domain Reload Profiling:
	ReloadAssembly (958ms)
		BeginReloadAssembly (102ms)
			ExecutionOrderSort (0ms)
			DisableScriptedObjects (4ms)
			BackupInstance (0ms)
			ReleaseScriptingObjects (0ms)
			CreateAndSetChildDomain (33ms)
		EndReloadAssembly (795ms)
			LoadAssemblies (84ms)
			RebuildTransferFunctionScriptingTraits (0ms)
			SetupTypeCache (286ms)
			ReleaseScriptCaches (1ms)
			RebuildScriptCaches (39ms)
			SetupLoadedEditorAssemblies (284ms)
				LogAssemblyErrors (0ms)
				InitializePlatformSupportModulesInManaged (4ms)
				SetLoadedEditorAssemblies (0ms)
				RefreshPlugins (0ms)
				BeforeProcessingInitializeOnLoad (72ms)
				ProcessInitializeOnLoadAttributes (192ms)
				ProcessInitializeOnLoadMethodAttributes (9ms)
				AfterProcessingInitializeOnLoad (6ms)
				EditorAssembliesLoaded (0ms)
			ExecutionOrderSort2 (0ms)
			AwakeInstancesAfterBackupRestoration (7ms)
Platform modules already initialized, skipping
Refreshing native plugins compatible for Editor in 0.37 ms, found 2 plugins.
Preloading 0 native plugins for Editor in 0.00 ms.
Unloading 1553 Unused Serialized files (Serialized files now loaded: 0)
System memory in use before: 87.8 MB.
System memory in use after: 87.9 MB.

Unloading 14 unused Assets to reduce memory usage. Loaded Objects now: 2040.
Total: 2.583700 ms (FindLiveObjects: 0.149400 ms CreateObjectMapping: 0.046000 ms MarkObjects: 2.371200 ms  DeleteObjects: 0.016200 ms)

AssetImportParameters requested are different than current active one (requested -> active):
  custom:framework-win-MediaFoundation: 216162199b28c13a410421893ffa2e32 -> 
  custom:video-decoder-ogg-theora: a1e56fd34408186e4bbccfd4996cb3dc -> 
  custom:container-muxer-webm: aa71ff27fc2769a1b78a27578f13a17b -> 
  custom:container-demuxer-webm: 4f35f7cbe854078d1ac9338744f61a02 -> 
  custom:container-demuxer-ogg: 62fdf1f143b41e24485cea50d1cbac27 -> 
  custom:video-encoder-webm-vp8: eb34c28f22e8b96e1ab97ce403110664 -> 
  custom:video-decoder-webm-vp8: 9c59270c3fd7afecdb556c50c9e8de78 -> 
  custom:audio-decoder-ogg-vorbis: bf7c407c2cedff20999df2af8eb42d56 -> 
  custom:audio-encoder-webm-vorbis: bf7c407c2cedff20999df2af8eb42d56 -> 
========================================================================
Received Import Request.
  Time since last request: 18.797840 seconds.
  path: Assets/Stage0 Script
  artifactKey: Guid(88cd0ed076e9be1468f8f2a26fdecc7e) Importer(815301076,1909f56bfc062723c751e8b465ee728b)
Start importing Assets/Stage0 Script using Guid(88cd0ed076e9be1468f8f2a26fdecc7e) Importer(815301076,1909f56bfc062723c751e8b465ee728b)  -> (artifact id: 'd0524a30b57399ea9c8a47a97e435d2b') in 0.011154 seconds 
  Import took 0.014949 seconds .

========================================================================
Received Import Request.
  Time since last request: 9.113973 seconds.
  path: Assets/Stage0 Script/CameraMove.cs
  artifactKey: Guid(934c5a27fc37644488baa9fbf3320c26) Importer(815301076,1909f56bfc062723c751e8b465ee728b)
Start importing Assets/Stage0 Script/CameraMove.cs using Guid(934c5a27fc37644488baa9fbf3320c26) Importer(815301076,1909f56bfc062723c751e8b465ee728b)  -> (artifact id: '52092b77070ef382f4c62239e872aa96') in 0.012187 seconds 
  Import took 0.017976 seconds .

========================================================================
Received Prepare
Registering precompiled user dll's ...
Registered in 0.004383 seconds.
Begin MonoManager ReloadAssembly
Native extension for WindowsStandalone target not found
Refreshing native plugins compatible for Editor in 0.37 ms, found 2 plugins.
Preloading 0 native plugins for Editor in 0.00 ms.
Mono: successfully reloaded assembly
- Completed reload, in  0.989 seconds
Domain Reload Profiling:
	ReloadAssembly (990ms)
		BeginReloadAssembly (97ms)
			ExecutionOrderSort (0ms)
			DisableScriptedObjects (4ms)
			BackupInstance (0ms)
			ReleaseScriptingObjects (0ms)
			CreateAndSetChildDomain (31ms)
		EndReloadAssembly (831ms)
			LoadAssemblies (84ms)
			RebuildTransferFunctionScriptingTraits (0ms)
			SetupTypeCache (288ms)
			ReleaseScriptCaches (1ms)
			RebuildScriptCaches (44ms)
			SetupLoadedEditorAssemblies (311ms)
				LogAssemblyErrors (0ms)
				InitializePlatformSupportModulesInManaged (4ms)
				SetLoadedEditorAssemblies (0ms)
				RefreshPlugins (0ms)
				BeforeProcessingInitializeOnLoad (80ms)
				ProcessInitializeOnLoadAttributes (209ms)
				ProcessInitializeOnLoadMethodAttributes (10ms)
				AfterProcessingInitializeOnLoad (7ms)
				EditorAssembliesLoaded (0ms)
			ExecutionOrderSort2 (0ms)
			AwakeInstancesAfterBackupRestoration (7ms)
Platform modules already initialized, skipping
Refreshing native plugins compatible for Editor in 0.37 ms, found 2 plugins.
Preloading 0 native plugins for Editor in 0.00 ms.
Unloading 1554 Unused Serialized files (Serialized files now loaded: 0)
System memory in use before: 87.9 MB.
System memory in use after: 88.0 MB.

Unloading 14 unused Assets to reduce memory usage. Loaded Objects now: 2043.
Total: 2.697400 ms (FindLiveObjects: 0.177000 ms CreateObjectMapping: 0.054000 ms MarkObjects: 2.447500 ms  DeleteObjects: 0.018000 ms)

AssetImportParameters requested are different than current active one (requested -> active):
  custom:framework-win-MediaFoundation: 216162199b28c13a410421893ffa2e32 -> 
  custom:video-decoder-ogg-theora: a1e56fd34408186e4bbccfd4996cb3dc -> 
  custom:container-muxer-webm: aa71ff27fc2769a1b78a27578f13a17b -> 
  custom:container-demuxer-webm: 4f35f7cbe854078d1ac9338744f61a02 -> 
  custom:container-demuxer-ogg: 62fdf1f143b41e24485cea50d1cbac27 -> 
  custom:video-encoder-webm-vp8: eb34c28f22e8b96e1ab97ce403110664 -> 
  custom:video-decoder-webm-vp8: 9c59270c3fd7afecdb556c50c9e8de78 -> 
  custom:audio-decoder-ogg-vorbis: bf7c407c2cedff20999df2af8eb42d56 -> 
  custom:audio-encoder-webm-vorbis: bf7c407c2cedff20999df2af8eb42d56 -> 
========================================================================
Received Prepare
Registering precompiled user dll's ...
Registered in 0.005221 seconds.
Begin MonoManager ReloadAssembly
Native extension for WindowsStandalone target not found
Refreshing native plugins compatible for Editor in 0.38 ms, found 2 plugins.
Preloading 0 native plugins for Editor in 0.00 ms.
Mono: successfully reloaded assembly
- Completed reload, in  1.080 seconds
Domain Reload Profiling:
	ReloadAssembly (1080ms)
		BeginReloadAssembly (100ms)
			ExecutionOrderSort (0ms)
			DisableScriptedObjects (4ms)
			BackupInstance (0ms)
			ReleaseScriptingObjects (0ms)
			CreateAndSetChildDomain (31ms)
		EndReloadAssembly (917ms)
			LoadAssemblies (83ms)
			RebuildTransferFunctionScriptingTraits (0ms)
			SetupTypeCache (313ms)
			ReleaseScriptCaches (1ms)
			RebuildScriptCaches (36ms)
			SetupLoadedEditorAssemblies (386ms)
				LogAssemblyErrors (0ms)
				InitializePlatformSupportModulesInManaged (4ms)
				SetLoadedEditorAssemblies (0ms)
				RefreshPlugins (0ms)
				BeforeProcessingInitializeOnLoad (162ms)
				ProcessInitializeOnLoadAttributes (202ms)
				ProcessInitializeOnLoadMethodAttributes (10ms)
				AfterProcessingInitializeOnLoad (7ms)
				EditorAssembliesLoaded (0ms)
			ExecutionOrderSort2 (0ms)
			AwakeInstancesAfterBackupRestoration (7ms)
Platform modules already initialized, skipping
Refreshing native plugins compatible for Editor in 0.37 ms, found 2 plugins.
Preloading 0 native plugins for Editor in 0.00 ms.
Unloading 1554 Unused Serialized files (Serialized files now loaded: 0)
System memory in use before: 87.9 MB.
System memory in use after: 88.0 MB.

Unloading 14 unused Assets to reduce memory usage. Loaded Objects now: 2045.
Total: 2.594500 ms (FindLiveObjects: 0.148000 ms CreateObjectMapping: 0.053700 ms MarkObjects: 2.376500 ms  DeleteObjects: 0.015100 ms)

AssetImportParameters requested are different than current active one (requested -> active):
  custom:framework-win-MediaFoundation: 216162199b28c13a410421893ffa2e32 -> 
  custom:video-decoder-ogg-theora: a1e56fd34408186e4bbccfd4996cb3dc -> 
  custom:container-muxer-webm: aa71ff27fc2769a1b78a27578f13a17b -> 
  custom:container-demuxer-webm: 4f35f7cbe854078d1ac9338744f61a02 -> 
  custom:container-demuxer-ogg: 62fdf1f143b41e24485cea50d1cbac27 -> 
  custom:video-encoder-webm-vp8: eb34c28f22e8b96e1ab97ce403110664 -> 
  custom:video-decoder-webm-vp8: 9c59270c3fd7afecdb556c50c9e8de78 -> 
  custom:audio-decoder-ogg-vorbis: bf7c407c2cedff20999df2af8eb42d56 -> 
  custom:audio-encoder-webm-vorbis: bf7c407c2cedff20999df2af8eb42d56 -> 
========================================================================
Received Import Request.
  Time since last request: 79.233638 seconds.
  path: Assets/Stage0 Script/CameraMove.cs
  artifactKey: Guid(934c5a27fc37644488baa9fbf3320c26) Importer(815301076,1909f56bfc062723c751e8b465ee728b)
Start importing Assets/Stage0 Script/CameraMove.cs using Guid(934c5a27fc37644488baa9fbf3320c26) Importer(815301076,1909f56bfc062723c751e8b465ee728b)  -> (artifact id: '912b72df9ca3ea20fed0322d02dd6d61') in 0.004723 seconds 
  Import took 0.007248 seconds .

========================================================================
Received Prepare
Registering precompiled user dll's ...
Registered in 0.007118 seconds.
Begin MonoManager ReloadAssembly
Native extension for WindowsStandalone target not found
Refreshing native plugins compatible for Editor in 0.39 ms, found 2 plugins.
Preloading 0 native plugins for Editor in 0.00 ms.
Mono: successfully reloaded assembly
- Completed reload, in  1.047 seconds
Domain Reload Profiling:
	ReloadAssembly (1047ms)
		BeginReloadAssembly (100ms)
			ExecutionOrderSort (0ms)
			DisableScriptedObjects (5ms)
			BackupInstance (0ms)
			ReleaseScriptingObjects (0ms)
			CreateAndSetChildDomain (29ms)
		EndReloadAssembly (886ms)
			LoadAssemblies (85ms)
			RebuildTransferFunctionScriptingTraits (0ms)
			SetupTypeCache (278ms)
			ReleaseScriptCaches (2ms)
			RebuildScriptCaches (40ms)
			SetupLoadedEditorAssemblies (381ms)
				LogAssemblyErrors (0ms)
				InitializePlatformSupportModulesInManaged (4ms)
				SetLoadedEditorAssemblies (1ms)
				RefreshPlugins (0ms)
				BeforeProcessingInitializeOnLoad (74ms)
				ProcessInitializeOnLoadAttributes (286ms)
				ProcessInitializeOnLoadMethodAttributes (11ms)
				AfterProcessingInitializeOnLoad (6ms)
				EditorAssembliesLoaded (0ms)
			ExecutionOrderSort2 (0ms)
			AwakeInstancesAfterBackupRestoration (6ms)
Platform modules already initialized, skipping
Refreshing native plugins compatible for Editor in 0.52 ms, found 2 plugins.
Preloading 0 native plugins for Editor in 0.00 ms.
Unloading 1554 Unused Serialized files (Serialized files now loaded: 0)
System memory in use before: 87.9 MB.
System memory in use after: 88.0 MB.

Unloading 14 unused Assets to reduce memory usage. Loaded Objects now: 2047.
Total: 2.804600 ms (FindLiveObjects: 0.193500 ms CreateObjectMapping: 0.064500 ms MarkObjects: 2.527400 ms  DeleteObjects: 0.017600 ms)

AssetImportParameters requested are different than current active one (requested -> active):
  custom:framework-win-MediaFoundation: 216162199b28c13a410421893ffa2e32 -> 
  custom:video-decoder-ogg-theora: a1e56fd34408186e4bbccfd4996cb3dc -> 
  custom:container-muxer-webm: aa71ff27fc2769a1b78a27578f13a17b -> 
  custom:container-demuxer-webm: 4f35f7cbe854078d1ac9338744f61a02 -> 
  custom:container-demuxer-ogg: 62fdf1f143b41e24485cea50d1cbac27 -> 
  custom:video-encoder-webm-vp8: eb34c28f22e8b96e1ab97ce403110664 -> 
  custom:video-decoder-webm-vp8: 9c59270c3fd7afecdb556c50c9e8de78 -> 
  custom:audio-decoder-ogg-vorbis: bf7c407c2cedff20999df2af8eb42d56 -> 
  custom:audio-encoder-webm-vorbis: bf7c407c2cedff20999df2af8eb42d56 -> 
========================================================================
Received Prepare
Registering precompiled user dll's ...
Registered in 0.004417 seconds.
Begin MonoManager ReloadAssembly
Native extension for WindowsStandalone target not found
Refreshing native plugins compatible for Editor in 0.37 ms, found 2 plugins.
Preloading 0 native plugins for Editor in 0.00 ms.
Mono: successfully reloaded assembly
- Completed reload, in  0.923 seconds
Domain Reload Profiling:
	ReloadAssembly (924ms)
		BeginReloadAssembly (97ms)
			ExecutionOrderSort (0ms)
			DisableScriptedObjects (5ms)
			BackupInstance (0ms)
			ReleaseScriptingObjects (0ms)
			CreateAndSetChildDomain (34ms)
		EndReloadAssembly (765ms)
			LoadAssemblies (85ms)
			RebuildTransferFunctionScriptingTraits (0ms)
			SetupTypeCache (279ms)
			ReleaseScriptCaches (1ms)
			RebuildScriptCaches (36ms)
			SetupLoadedEditorAssemblies (272ms)
				LogAssemblyErrors (0ms)
				InitializePlatformSupportModulesInManaged (4ms)
				SetLoadedEditorAssemblies (1ms)
				RefreshPlugins (0ms)
				BeforeProcessingInitializeOnLoad (70ms)
				ProcessInitializeOnLoadAttributes (182ms)
				ProcessInitializeOnLoadMethodAttributes (9ms)
				AfterProcessingInitializeOnLoad (6ms)
				EditorAssembliesLoaded (0ms)
			ExecutionOrderSort2 (0ms)
			AwakeInstancesAfterBackupRestoration (6ms)
Platform modules already initialized, skipping
Refreshing native plugins compatible for Editor in 0.48 ms, found 2 plugins.
Preloading 0 native plugins for Editor in 0.00 ms.
Unloading 1554 Unused Serialized files (Serialized files now loaded: 0)
System memory in use before: 87.9 MB.
System memory in use after: 88.0 MB.

Unloading 14 unused Assets to reduce memory usage. Loaded Objects now: 2049.
Total: 2.541700 ms (FindLiveObjects: 0.148800 ms CreateObjectMapping: 0.055100 ms MarkObjects: 2.320400 ms  DeleteObjects: 0.016500 ms)

AssetImportParameters requested are different than current active one (requested -> active):
  custom:framework-win-MediaFoundation: 216162199b28c13a410421893ffa2e32 -> 
  custom:video-decoder-ogg-theora: a1e56fd34408186e4bbccfd4996cb3dc -> 
  custom:container-muxer-webm: aa71ff27fc2769a1b78a27578f13a17b -> 
  custom:container-demuxer-webm: 4f35f7cbe854078d1ac9338744f61a02 -> 
  custom:container-demuxer-ogg: 62fdf1f143b41e24485cea50d1cbac27 -> 
  custom:video-encoder-webm-vp8: eb34c28f22e8b96e1ab97ce403110664 -> 
  custom:video-decoder-webm-vp8: 9c59270c3fd7afecdb556c50c9e8de78 -> 
  custom:audio-decoder-ogg-vorbis: bf7c407c2cedff20999df2af8eb42d56 -> 
  custom:audio-encoder-webm-vorbis: bf7c407c2cedff20999df2af8eb42d56 -> 
========================================================================
Received Prepare
Registering precompiled user dll's ...
Registered in 0.004171 seconds.
Begin MonoManager ReloadAssembly
Native extension for WindowsStandalone target not found
Refreshing native plugins compatible for Editor in 0.39 ms, found 2 plugins.
Preloading 0 native plugins for Editor in 0.00 ms.
Mono: successfully reloaded assembly
- Completed reload, in  1.051 seconds
Domain Reload Profiling:
	ReloadAssembly (1052ms)
		BeginReloadAssembly (101ms)
			ExecutionOrderSort (0ms)
			DisableScriptedObjects (4ms)
			BackupInstance (0ms)
			ReleaseScriptingObjects (0ms)
			CreateAndSetChildDomain (27ms)
		EndReloadAssembly (891ms)
			LoadAssemblies (84ms)
			RebuildTransferFunctionScriptingTraits (0ms)
			SetupTypeCache (282ms)
			ReleaseScriptCaches (1ms)
			RebuildScriptCaches (40ms)
			SetupLoadedEditorAssemblies (384ms)
				LogAssemblyErrors (0ms)
				InitializePlatformSupportModulesInManaged (4ms)
				SetLoadedEditorAssemblies (0ms)
				RefreshPlugins (0ms)
				BeforeProcessingInitializeOnLoad (72ms)
				ProcessInitializeOnLoadAttributes (190ms)
				ProcessInitializeOnLoadMethodAttributes (13ms)
				AfterProcessingInitializeOnLoad (103ms)
				EditorAssembliesLoaded (0ms)
			ExecutionOrderSort2 (0ms)
			AwakeInstancesAfterBackupRestoration (6ms)
Platform modules already initialized, skipping
Refreshing native plugins compatible for Editor in 0.38 ms, found 2 plugins.
Preloading 0 native plugins for Editor in 0.00 ms.
Unloading 1554 Unused Serialized files (Serialized files now loaded: 0)
System memory in use before: 87.9 MB.
System memory in use after: 88.0 MB.

Unloading 14 unused Assets to reduce memory usage. Loaded Objects now: 2051.
Total: 2.636300 ms (FindLiveObjects: 0.155600 ms CreateObjectMapping: 0.053500 ms MarkObjects: 2.393900 ms  DeleteObjects: 0.031900 ms)

AssetImportParameters requested are different than current active one (requested -> active):
  custom:framework-win-MediaFoundation: 216162199b28c13a410421893ffa2e32 -> 
  custom:video-decoder-ogg-theora: a1e56fd34408186e4bbccfd4996cb3dc -> 
  custom:container-muxer-webm: aa71ff27fc2769a1b78a27578f13a17b -> 
  custom:container-demuxer-webm: 4f35f7cbe854078d1ac9338744f61a02 -> 
  custom:container-demuxer-ogg: 62fdf1f143b41e24485cea50d1cbac27 -> 
  custom:video-encoder-webm-vp8: eb34c28f22e8b96e1ab97ce403110664 -> 
  custom:video-decoder-webm-vp8: 9c59270c3fd7afecdb556c50c9e8de78 -> 
  custom:audio-decoder-ogg-vorbis: bf7c407c2cedff20999df2af8eb42d56 -> 
  custom:audio-encoder-webm-vorbis: bf7c407c2cedff20999df2af8eb42d56 -> 
========================================================================
Received Prepare
Registering precompiled user dll's ...
Registered in 0.006624 seconds.
Begin MonoManager ReloadAssembly
Native extension for WindowsStandalone target not found
Refreshing native plugins compatible for Editor in 0.38 ms, found 2 plugins.
Preloading 0 native plugins for Editor in 0.00 ms.
Mono: successfully reloaded assembly
- Completed reload, in  1.021 seconds
Domain Reload Profiling:
	ReloadAssembly (1021ms)
		BeginReloadAssembly (95ms)
			ExecutionOrderSort (0ms)
			DisableScriptedObjects (4ms)
			BackupInstance (0ms)
			ReleaseScriptingObjects (0ms)
			CreateAndSetChildDomain (28ms)
		EndReloadAssembly (867ms)
			LoadAssemblies (79ms)
			RebuildTransferFunctionScriptingTraits (0ms)
			SetupTypeCache (260ms)
			ReleaseScriptCaches (1ms)
			RebuildScriptCaches (36ms)
			SetupLoadedEditorAssemblies (388ms)
				LogAssemblyErrors (0ms)
				InitializePlatformSupportModulesInManaged (6ms)
				SetLoadedEditorAssemblies (1ms)
				RefreshPlugins (0ms)
				BeforeProcessingInitializeOnLoad (82ms)
				ProcessInitializeOnLoadAttributes (284ms)
				ProcessInitializeOnLoadMethodAttributes (9ms)
				AfterProcessingInitializeOnLoad (6ms)
				EditorAssembliesLoaded (0ms)
			ExecutionOrderSort2 (0ms)
			AwakeInstancesAfterBackupRestoration (6ms)
Platform modules already initialized, skipping
Refreshing native plugins compatible for Editor in 0.40 ms, found 2 plugins.
Preloading 0 native plugins for Editor in 0.00 ms.
Unloading 1554 Unused Serialized files (Serialized files now loaded: 0)
System memory in use before: 87.9 MB.
System memory in use after: 88.0 MB.

Unloading 14 unused Assets to reduce memory usage. Loaded Objects now: 2053.
Total: 2.570300 ms (FindLiveObjects: 0.138900 ms CreateObjectMapping: 0.047600 ms MarkObjects: 2.367800 ms  DeleteObjects: 0.015000 ms)

AssetImportParameters requested are different than current active one (requested -> active):
  custom:framework-win-MediaFoundation: 216162199b28c13a410421893ffa2e32 -> 
  custom:video-decoder-ogg-theora: a1e56fd34408186e4bbccfd4996cb3dc -> 
  custom:container-muxer-webm: aa71ff27fc2769a1b78a27578f13a17b -> 
  custom:container-demuxer-webm: 4f35f7cbe854078d1ac9338744f61a02 -> 
  custom:container-demuxer-ogg: 62fdf1f143b41e24485cea50d1cbac27 -> 
  custom:video-encoder-webm-vp8: eb34c28f22e8b96e1ab97ce403110664 -> 
  custom:video-decoder-webm-vp8: 9c59270c3fd7afecdb556c50c9e8de78 -> 
  custom:audio-decoder-ogg-vorbis: bf7c407c2cedff20999df2af8eb42d56 -> 
  custom:audio-encoder-webm-vorbis: bf7c407c2cedff20999df2af8eb42d56 -> 
========================================================================
Received Prepare
Registering precompiled user dll's ...
Registered in 0.006242 seconds.
Begin MonoManager ReloadAssembly
Native extension for WindowsStandalone target not found
Refreshing native plugins compatible for Editor in 0.37 ms, found 2 plugins.
Preloading 0 native plugins for Editor in 0.00 ms.
Mono: successfully reloaded assembly
- Completed reload, in  0.935 seconds
Domain Reload Profiling:
	ReloadAssembly (935ms)
		BeginReloadAssembly (106ms)
			ExecutionOrderSort (0ms)
			DisableScriptedObjects (4ms)
			BackupInstance (0ms)
			ReleaseScriptingObjects (0ms)
			CreateAndSetChildDomain (31ms)
		EndReloadAssembly (764ms)
			LoadAssemblies (85ms)
			RebuildTransferFunctionScriptingTraits (0ms)
			SetupTypeCache (278ms)
			ReleaseScriptCaches (1ms)
			RebuildScriptCaches (36ms)
			SetupLoadedEditorAssemblies (271ms)
				LogAssemblyErrors (0ms)
				InitializePlatformSupportModulesInManaged (4ms)
				SetLoadedEditorAssemblies (1ms)
				RefreshPlugins (0ms)
				BeforeProcessingInitializeOnLoad (71ms)
				ProcessInitializeOnLoadAttributes (180ms)
				ProcessInitializeOnLoadMethodAttributes (9ms)
				AfterProcessingInitializeOnLoad (6ms)
				EditorAssembliesLoaded (0ms)
			ExecutionOrderSort2 (0ms)
			AwakeInstancesAfterBackupRestoration (6ms)
Platform modules already initialized, skipping
Refreshing native plugins compatible for Editor in 0.39 ms, found 2 plugins.
Preloading 0 native plugins for Editor in 0.00 ms.
Unloading 1554 Unused Serialized files (Serialized files now loaded: 0)
System memory in use before: 87.9 MB.
System memory in use after: 88.0 MB.

Unloading 14 unused Assets to reduce memory usage. Loaded Objects now: 2055.
Total: 2.607200 ms (FindLiveObjects: 0.188600 ms CreateObjectMapping: 0.049100 ms MarkObjects: 2.339800 ms  DeleteObjects: 0.028700 ms)

AssetImportParameters requested are different than current active one (requested -> active):
  custom:framework-win-MediaFoundation: 216162199b28c13a410421893ffa2e32 -> 
  custom:video-decoder-ogg-theora: a1e56fd34408186e4bbccfd4996cb3dc -> 
  custom:container-muxer-webm: aa71ff27fc2769a1b78a27578f13a17b -> 
  custom:container-demuxer-webm: 4f35f7cbe854078d1ac9338744f61a02 -> 
  custom:container-demuxer-ogg: 62fdf1f143b41e24485cea50d1cbac27 -> 
  custom:video-encoder-webm-vp8: eb34c28f22e8b96e1ab97ce403110664 -> 
  custom:video-decoder-webm-vp8: 9c59270c3fd7afecdb556c50c9e8de78 -> 
  custom:audio-decoder-ogg-vorbis: bf7c407c2cedff20999df2af8eb42d56 -> 
  custom:audio-encoder-webm-vorbis: bf7c407c2cedff20999df2af8eb42d56 -> 
========================================================================
Received Prepare
Registering precompiled user dll's ...
Registered in 0.004032 seconds.
Begin MonoManager ReloadAssembly
Native extension for WindowsStandalone target not found
Refreshing native plugins compatible for Editor in 0.38 ms, found 2 plugins.
Preloading 0 native plugins for Editor in 0.00 ms.
Mono: successfully reloaded assembly
- Completed reload, in  0.956 seconds
Domain Reload Profiling:
	ReloadAssembly (956ms)
		BeginReloadAssembly (116ms)
			ExecutionOrderSort (0ms)
			DisableScriptedObjects (4ms)
			BackupInstance (0ms)
			ReleaseScriptingObjects (0ms)
			CreateAndSetChildDomain (35ms)
		EndReloadAssembly (778ms)
			LoadAssemblies (88ms)
			RebuildTransferFunctionScriptingTraits (0ms)
			SetupTypeCache (277ms)
			ReleaseScriptCaches (1ms)
			RebuildScriptCaches (44ms)
			SetupLoadedEditorAssemblies (278ms)
				LogAssemblyErrors (0ms)
				InitializePlatformSupportModulesInManaged (4ms)
				SetLoadedEditorAssemblies (0ms)
				RefreshPlugins (0ms)
				BeforeProcessingInitializeOnLoad (74ms)
				ProcessInitializeOnLoadAttributes (183ms)
				ProcessInitializeOnLoadMethodAttributes (9ms)
				AfterProcessingInitializeOnLoad (6ms)
				EditorAssembliesLoaded (0ms)
			ExecutionOrderSort2 (0ms)
			AwakeInstancesAfterBackupRestoration (6ms)
Platform modules already initialized, skipping
Refreshing native plugins compatible for Editor in 0.39 ms, found 2 plugins.
Preloading 0 native plugins for Editor in 0.00 ms.
Unloading 1554 Unused Serialized files (Serialized files now loaded: 0)
System memory in use before: 87.9 MB.
System memory in use after: 88.0 MB.

Unloading 14 unused Assets to reduce memory usage. Loaded Objects now: 2057.
Total: 2.686300 ms (FindLiveObjects: 0.156100 ms CreateObjectMapping: 0.053600 ms MarkObjects: 2.457000 ms  DeleteObjects: 0.018100 ms)

AssetImportParameters requested are different than current active one (requested -> active):
  custom:framework-win-MediaFoundation: 216162199b28c13a410421893ffa2e32 -> 
  custom:video-decoder-ogg-theora: a1e56fd34408186e4bbccfd4996cb3dc -> 
  custom:container-muxer-webm: aa71ff27fc2769a1b78a27578f13a17b -> 
  custom:container-demuxer-webm: 4f35f7cbe854078d1ac9338744f61a02 -> 
  custom:container-demuxer-ogg: 62fdf1f143b41e24485cea50d1cbac27 -> 
  custom:video-encoder-webm-vp8: eb34c28f22e8b96e1ab97ce403110664 -> 
  custom:video-decoder-webm-vp8: 9c59270c3fd7afecdb556c50c9e8de78 -> 
  custom:audio-decoder-ogg-vorbis: bf7c407c2cedff20999df2af8eb42d56 -> 
  custom:audio-encoder-webm-vorbis: bf7c407c2cedff20999df2af8eb42d56 -> 
========================================================================
Received Prepare
Registering precompiled user dll's ...
Registered in 0.004120 seconds.
Begin MonoManager ReloadAssembly
Native extension for WindowsStandalone target not found
Refreshing native plugins compatible for Editor in 0.44 ms, found 2 plugins.
Preloading 0 native plugins for Editor in 0.00 ms.
Mono: successfully reloaded assembly
- Completed reload, in  1.000 seconds
Domain Reload Profiling:
	ReloadAssembly (1001ms)
		BeginReloadAssembly (123ms)
			ExecutionOrderSort (0ms)
			DisableScriptedObjects (6ms)
			BackupInstance (0ms)
			ReleaseScriptingObjects (1ms)
			CreateAndSetChildDomain (56ms)
		EndReloadAssembly (789ms)
			LoadAssemblies (94ms)
			RebuildTransferFunctionScriptingTraits (0ms)
			SetupTypeCache (264ms)
			ReleaseScriptCaches (1ms)
			RebuildScriptCaches (37ms)
			SetupLoadedEditorAssemblies (304ms)
				LogAssemblyErrors (0ms)
				InitializePlatformSupportModulesInManaged (4ms)
				SetLoadedEditorAssemblies (0ms)
				RefreshPlugins (0ms)
				BeforeProcessingInitializeOnLoad (71ms)
				ProcessInitializeOnLoadAttributes (213ms)
				ProcessInitializeOnLoadMethodAttributes (9ms)
				AfterProcessingInitializeOnLoad (6ms)
				EditorAssembliesLoaded (0ms)
			ExecutionOrderSort2 (0ms)
			AwakeInstancesAfterBackupRestoration (7ms)
Platform modules already initialized, skipping
Refreshing native plugins compatible for Editor in 0.49 ms, found 2 plugins.
Preloading 0 native plugins for Editor in 0.00 ms.
Unloading 1554 Unused Serialized files (Serialized files now loaded: 0)
System memory in use before: 87.9 MB.
System memory in use after: 88.1 MB.

Unloading 14 unused Assets to reduce memory usage. Loaded Objects now: 2059.
Total: 4.926000 ms (FindLiveObjects: 0.158800 ms CreateObjectMapping: 0.052100 ms MarkObjects: 4.692400 ms  DeleteObjects: 0.020800 ms)

AssetImportParameters requested are different than current active one (requested -> active):
  custom:framework-win-MediaFoundation: 216162199b28c13a410421893ffa2e32 -> 
  custom:video-decoder-ogg-theora: a1e56fd34408186e4bbccfd4996cb3dc -> 
  custom:container-muxer-webm: aa71ff27fc2769a1b78a27578f13a17b -> 
  custom:container-demuxer-webm: 4f35f7cbe854078d1ac9338744f61a02 -> 
  custom:container-demuxer-ogg: 62fdf1f143b41e24485cea50d1cbac27 -> 
  custom:video-encoder-webm-vp8: eb34c28f22e8b96e1ab97ce403110664 -> 
  custom:video-decoder-webm-vp8: 9c59270c3fd7afecdb556c50c9e8de78 -> 
  custom:audio-decoder-ogg-vorbis: bf7c407c2cedff20999df2af8eb42d56 -> 
  custom:audio-encoder-webm-vorbis: bf7c407c2cedff20999df2af8eb42d56 -> 
========================================================================
Received Prepare
Registering precompiled user dll's ...
Registered in 0.006586 seconds.
Begin MonoManager ReloadAssembly
Native extension for WindowsStandalone target not found
Refreshing native plugins compatible for Editor in 0.38 ms, found 2 plugins.
Preloading 0 native plugins for Editor in 0.00 ms.
Mono: successfully reloaded assembly
- Completed reload, in  0.932 seconds
Domain Reload Profiling:
	ReloadAssembly (933ms)
		BeginReloadAssembly (107ms)
			ExecutionOrderSort (0ms)
			DisableScriptedObjects (4ms)
			BackupInstance (0ms)
			ReleaseScriptingObjects (0ms)
			CreateAndSetChildDomain (28ms)
		EndReloadAssembly (765ms)
			LoadAssemblies (87ms)
			RebuildTransferFunctionScriptingTraits (0ms)
			SetupTypeCache (275ms)
			ReleaseScriptCaches (1ms)
			RebuildScriptCaches (42ms)
			SetupLoadedEditorAssemblies (265ms)
				LogAssemblyErrors (0ms)
				InitializePlatformSupportModulesInManaged (5ms)
				SetLoadedEditorAssemblies (0ms)
				RefreshPlugins (0ms)
				BeforeProcessingInitializeOnLoad (70ms)
				ProcessInitializeOnLoadAttributes (176ms)
				ProcessInitializeOnLoadMethodAttributes (8ms)
				AfterProcessingInitializeOnLoad (6ms)
				EditorAssembliesLoaded (0ms)
			ExecutionOrderSort2 (0ms)
			AwakeInstancesAfterBackupRestoration (6ms)
Platform modules already initialized, skipping
Refreshing native plugins compatible for Editor in 0.43 ms, found 2 plugins.
Preloading 0 native plugins for Editor in 0.00 ms.
Unloading 1554 Unused Serialized files (Serialized files now loaded: 0)
System memory in use before: 88.0 MB.
System memory in use after: 88.1 MB.

Unloading 14 unused Assets to reduce memory usage. Loaded Objects now: 2061.
Total: 3.254000 ms (FindLiveObjects: 0.148300 ms CreateObjectMapping: 0.049000 ms MarkObjects: 2.995200 ms  DeleteObjects: 0.060100 ms)

AssetImportParameters requested are different than current active one (requested -> active):
  custom:framework-win-MediaFoundation: 216162199b28c13a410421893ffa2e32 -> 
  custom:video-decoder-ogg-theora: a1e56fd34408186e4bbccfd4996cb3dc -> 
  custom:container-muxer-webm: aa71ff27fc2769a1b78a27578f13a17b -> 
  custom:container-demuxer-webm: 4f35f7cbe854078d1ac9338744f61a02 -> 
  custom:container-demuxer-ogg: 62fdf1f143b41e24485cea50d1cbac27 -> 
  custom:video-encoder-webm-vp8: eb34c28f22e8b96e1ab97ce403110664 -> 
  custom:video-decoder-webm-vp8: 9c59270c3fd7afecdb556c50c9e8de78 -> 
  custom:audio-decoder-ogg-vorbis: bf7c407c2cedff20999df2af8eb42d56 -> 
  custom:audio-encoder-webm-vorbis: bf7c407c2cedff20999df2af8eb42d56 -> 
========================================================================
Received Prepare
Registering precompiled user dll's ...
Registered in 0.004431 seconds.
Begin MonoManager ReloadAssembly
Native extension for WindowsStandalone target not found
Refreshing native plugins compatible for Editor in 0.37 ms, found 2 plugins.
Preloading 0 native plugins for Editor in 0.00 ms.
Mono: successfully reloaded assembly
- Completed reload, in  0.887 seconds
Domain Reload Profiling:
	ReloadAssembly (888ms)
		BeginReloadAssembly (92ms)
			ExecutionOrderSort (0ms)
			DisableScriptedObjects (4ms)
			BackupInstance (0ms)
			ReleaseScriptingObjects (0ms)
			CreateAndSetChildDomain (27ms)
		EndReloadAssembly (737ms)
			LoadAssemblies (78ms)
			RebuildTransferFunctionScriptingTraits (0ms)
			SetupTypeCache (257ms)
			ReleaseScriptCaches (1ms)
			RebuildScriptCaches (37ms)
			SetupLoadedEditorAssemblies (271ms)
				LogAssemblyErrors (0ms)
				InitializePlatformSupportModulesInManaged (4ms)
				SetLoadedEditorAssemblies (0ms)
				RefreshPlugins (0ms)
				BeforeProcessingInitializeOnLoad (69ms)
				ProcessInitializeOnLoadAttributes (182ms)
				ProcessInitializeOnLoadMethodAttributes (9ms)
				AfterProcessingInitializeOnLoad (6ms)
				EditorAssembliesLoaded (0ms)
			ExecutionOrderSort2 (0ms)
			AwakeInstancesAfterBackupRestoration (6ms)
Platform modules already initialized, skipping
Refreshing native plugins compatible for Editor in 0.37 ms, found 2 plugins.
Preloading 0 native plugins for Editor in 0.00 ms.
Unloading 1554 Unused Serialized files (Serialized files now loaded: 0)
System memory in use before: 88.0 MB.
System memory in use after: 88.1 MB.

Unloading 14 unused Assets to reduce memory usage. Loaded Objects now: 2063.
Total: 2.754300 ms (FindLiveObjects: 0.134000 ms CreateObjectMapping: 0.041700 ms MarkObjects: 2.542300 ms  DeleteObjects: 0.035300 ms)

AssetImportParameters requested are different than current active one (requested -> active):
  custom:framework-win-MediaFoundation: 216162199b28c13a410421893ffa2e32 -> 
  custom:video-decoder-ogg-theora: a1e56fd34408186e4bbccfd4996cb3dc -> 
  custom:container-muxer-webm: aa71ff27fc2769a1b78a27578f13a17b -> 
  custom:container-demuxer-webm: 4f35f7cbe854078d1ac9338744f61a02 -> 
  custom:container-demuxer-ogg: 62fdf1f143b41e24485cea50d1cbac27 -> 
  custom:video-encoder-webm-vp8: eb34c28f22e8b96e1ab97ce403110664 -> 
  custom:video-decoder-webm-vp8: 9c59270c3fd7afecdb556c50c9e8de78 -> 
  custom:audio-decoder-ogg-vorbis: bf7c407c2cedff20999df2af8eb42d56 -> 
  custom:audio-encoder-webm-vorbis: bf7c407c2cedff20999df2af8eb42d56 -> 
========================================================================
Received Import Request.
  Time since last request: 1546.085009 seconds.
  path: Assets/Resources/FBX/Texture/Materials/Glow_test.mat
  artifactKey: Guid(ad2870cc9898a474b89e90c66176468f) Importer(815301076,1909f56bfc062723c751e8b465ee728b)
Start importing Assets/Resources/FBX/Texture/Materials/Glow_test.mat using Guid(ad2870cc9898a474b89e90c66176468f) Importer(815301076,1909f56bfc062723c751e8b465ee728b)  -> (artifact id: 'b7ae0d1b1a24f6a04a32f75edd08f042') in 0.098266 seconds 
  Import took 0.104933 seconds .

========================================================================
Received Prepare
Registering precompiled user dll's ...
Registered in 0.006436 seconds.
Begin MonoManager ReloadAssembly
Native extension for WindowsStandalone target not found
Refreshing native plugins compatible for Editor in 0.62 ms, found 2 plugins.
Preloading 0 native plugins for Editor in 0.00 ms.
Mono: successfully reloaded assembly
- Completed reload, in  1.506 seconds
Domain Reload Profiling:
	ReloadAssembly (1507ms)
		BeginReloadAssembly (135ms)
			ExecutionOrderSort (0ms)
			DisableScriptedObjects (5ms)
			BackupInstance (0ms)
			ReleaseScriptingObjects (0ms)
			CreateAndSetChildDomain (43ms)
		EndReloadAssembly (1289ms)
			LoadAssemblies (120ms)
			RebuildTransferFunctionScriptingTraits (0ms)
			SetupTypeCache (387ms)
			ReleaseScriptCaches (1ms)
			RebuildScriptCaches (74ms)
			SetupLoadedEditorAssemblies (429ms)
				LogAssemblyErrors (0ms)
				InitializePlatformSupportModulesInManaged (7ms)
				SetLoadedEditorAssemblies (1ms)
				RefreshPlugins (1ms)
				BeforeProcessingInitializeOnLoad (119ms)
				ProcessInitializeOnLoadAttributes (281ms)
				ProcessInitializeOnLoadMethodAttributes (13ms)
				AfterProcessingInitializeOnLoad (8ms)
				EditorAssembliesLoaded (0ms)
			ExecutionOrderSort2 (0ms)
			AwakeInstancesAfterBackupRestoration (8ms)
Platform modules already initialized, skipping
Refreshing native plugins compatible for Editor in 0.50 ms, found 2 plugins.
Preloading 0 native plugins for Editor in 0.00 ms.
Unloading 1554 Unused Serialized files (Serialized files now loaded: 0)
System memory in use before: 88.0 MB.
System memory in use after: 88.1 MB.

Unloading 14 unused Assets to reduce memory usage. Loaded Objects now: 2066.
Total: 3.850200 ms (FindLiveObjects: 0.306500 ms CreateObjectMapping: 0.096300 ms MarkObjects: 3.407300 ms  DeleteObjects: 0.037300 ms)

AssetImportParameters requested are different than current active one (requested -> active):
  custom:framework-win-MediaFoundation: 216162199b28c13a410421893ffa2e32 -> 
  custom:video-decoder-ogg-theora: a1e56fd34408186e4bbccfd4996cb3dc -> 
  custom:container-muxer-webm: aa71ff27fc2769a1b78a27578f13a17b -> 
  custom:container-demuxer-webm: 4f35f7cbe854078d1ac9338744f61a02 -> 
  custom:container-demuxer-ogg: 62fdf1f143b41e24485cea50d1cbac27 -> 
  custom:video-encoder-webm-vp8: eb34c28f22e8b96e1ab97ce403110664 -> 
  custom:video-decoder-webm-vp8: 9c59270c3fd7afecdb556c50c9e8de78 -> 
  custom:audio-decoder-ogg-vorbis: bf7c407c2cedff20999df2af8eb42d56 -> 
  custom:audio-encoder-webm-vorbis: bf7c407c2cedff20999df2af8eb42d56 -> 
========================================================================
Received Prepare
Registering precompiled user dll's ...
Registered in 0.007445 seconds.
Begin MonoManager ReloadAssembly
Native extension for WindowsStandalone target not found
Refreshing native plugins compatible for Editor in 0.37 ms, found 2 plugins.
Preloading 0 native plugins for Editor in 0.00 ms.
Mono: successfully reloaded assembly
- Completed reload, in  0.920 seconds
Domain Reload Profiling:
	ReloadAssembly (921ms)
		BeginReloadAssembly (98ms)
			ExecutionOrderSort (0ms)
			DisableScriptedObjects (4ms)
			BackupInstance (0ms)
			ReleaseScriptingObjects (0ms)
			CreateAndSetChildDomain (29ms)
		EndReloadAssembly (762ms)
			LoadAssemblies (81ms)
			RebuildTransferFunctionScriptingTraits (0ms)
			SetupTypeCache (274ms)
			ReleaseScriptCaches (1ms)
			RebuildScriptCaches (37ms)
			SetupLoadedEditorAssemblies (274ms)
				LogAssemblyErrors (0ms)
				InitializePlatformSupportModulesInManaged (5ms)
				SetLoadedEditorAssemblies (0ms)
				RefreshPlugins (0ms)
				BeforeProcessingInitializeOnLoad (73ms)
				ProcessInitializeOnLoadAttributes (182ms)
				ProcessInitializeOnLoadMethodAttributes (8ms)
				AfterProcessingInitializeOnLoad (6ms)
				EditorAssembliesLoaded (0ms)
			ExecutionOrderSort2 (0ms)
			AwakeInstancesAfterBackupRestoration (6ms)
Platform modules already initialized, skipping
Refreshing native plugins compatible for Editor in 0.39 ms, found 2 plugins.
Preloading 0 native plugins for Editor in 0.00 ms.
Unloading 1554 Unused Serialized files (Serialized files now loaded: 0)
System memory in use before: 88.0 MB.
System memory in use after: 88.1 MB.

Unloading 14 unused Assets to reduce memory usage. Loaded Objects now: 2068.
Total: 3.990300 ms (FindLiveObjects: 0.180100 ms CreateObjectMapping: 0.060200 ms MarkObjects: 3.710700 ms  DeleteObjects: 0.038200 ms)

AssetImportParameters requested are different than current active one (requested -> active):
  custom:framework-win-MediaFoundation: 216162199b28c13a410421893ffa2e32 -> 
  custom:video-decoder-ogg-theora: a1e56fd34408186e4bbccfd4996cb3dc -> 
  custom:container-muxer-webm: aa71ff27fc2769a1b78a27578f13a17b -> 
  custom:container-demuxer-webm: 4f35f7cbe854078d1ac9338744f61a02 -> 
  custom:container-demuxer-ogg: 62fdf1f143b41e24485cea50d1cbac27 -> 
  custom:video-encoder-webm-vp8: eb34c28f22e8b96e1ab97ce403110664 -> 
  custom:video-decoder-webm-vp8: 9c59270c3fd7afecdb556c50c9e8de78 -> 
  custom:audio-decoder-ogg-vorbis: bf7c407c2cedff20999df2af8eb42d56 -> 
  custom:audio-encoder-webm-vorbis: bf7c407c2cedff20999df2af8eb42d56 -> 
========================================================================
Received Prepare
Registering precompiled user dll's ...
Registered in 0.006717 seconds.
Begin MonoManager ReloadAssembly
Native extension for WindowsStandalone target not found
Refreshing native plugins compatible for Editor in 0.39 ms, found 2 plugins.
Preloading 0 native plugins for Editor in 0.00 ms.
Mono: successfully reloaded assembly
- Completed reload, in  1.164 seconds
Domain Reload Profiling:
	ReloadAssembly (1165ms)
		BeginReloadAssembly (135ms)
			ExecutionOrderSort (0ms)
			DisableScriptedObjects (6ms)
			BackupInstance (0ms)
			ReleaseScriptingObjects (0ms)
			CreateAndSetChildDomain (42ms)
		EndReloadAssembly (943ms)
			LoadAssemblies (118ms)
			RebuildTransferFunctionScriptingTraits (0ms)
			SetupTypeCache (397ms)
			ReleaseScriptCaches (1ms)
			RebuildScriptCaches (45ms)
			SetupLoadedEditorAssemblies (286ms)
				LogAssemblyErrors (0ms)
				InitializePlatformSupportModulesInManaged (4ms)
				SetLoadedEditorAssemblies (1ms)
				RefreshPlugins (0ms)
				BeforeProcessingInitializeOnLoad (77ms)
				ProcessInitializeOnLoadAttributes (186ms)
				ProcessInitializeOnLoadMethodAttributes (11ms)
				AfterProcessingInitializeOnLoad (6ms)
				EditorAssembliesLoaded (0ms)
			ExecutionOrderSort2 (0ms)
			AwakeInstancesAfterBackupRestoration (7ms)
Platform modules already initialized, skipping
Refreshing native plugins compatible for Editor in 0.36 ms, found 2 plugins.
Preloading 0 native plugins for Editor in 0.00 ms.
Unloading 1554 Unused Serialized files (Serialized files now loaded: 0)
System memory in use before: 88.0 MB.
System memory in use after: 88.1 MB.

Unloading 14 unused Assets to reduce memory usage. Loaded Objects now: 2070.
Total: 2.475200 ms (FindLiveObjects: 0.145000 ms CreateObjectMapping: 0.051000 ms MarkObjects: 2.263000 ms  DeleteObjects: 0.015500 ms)

AssetImportParameters requested are different than current active one (requested -> active):
  custom:framework-win-MediaFoundation: 216162199b28c13a410421893ffa2e32 -> 
  custom:video-decoder-ogg-theora: a1e56fd34408186e4bbccfd4996cb3dc -> 
  custom:container-muxer-webm: aa71ff27fc2769a1b78a27578f13a17b -> 
  custom:container-demuxer-webm: 4f35f7cbe854078d1ac9338744f61a02 -> 
  custom:container-demuxer-ogg: 62fdf1f143b41e24485cea50d1cbac27 -> 
  custom:video-encoder-webm-vp8: eb34c28f22e8b96e1ab97ce403110664 -> 
  custom:video-decoder-webm-vp8: 9c59270c3fd7afecdb556c50c9e8de78 -> 
  custom:audio-decoder-ogg-vorbis: bf7c407c2cedff20999df2af8eb42d56 -> 
  custom:audio-encoder-webm-vorbis: bf7c407c2cedff20999df2af8eb42d56 -> 
========================================================================
Received Prepare
Registering precompiled user dll's ...
Registered in 0.003999 seconds.
Begin MonoManager ReloadAssembly
Native extension for WindowsStandalone target not found
Refreshing native plugins compatible for Editor in 0.37 ms, found 2 plugins.
Preloading 0 native plugins for Editor in 0.00 ms.
Mono: successfully reloaded assembly
- Completed reload, in  0.872 seconds
Domain Reload Profiling:
	ReloadAssembly (873ms)
		BeginReloadAssembly (104ms)
			ExecutionOrderSort (0ms)
			DisableScriptedObjects (4ms)
			BackupInstance (0ms)
			ReleaseScriptingObjects (0ms)
			CreateAndSetChildDomain (26ms)
		EndReloadAssembly (712ms)
			LoadAssemblies (76ms)
			RebuildTransferFunctionScriptingTraits (0ms)
			SetupTypeCache (247ms)
			ReleaseScriptCaches (1ms)
			RebuildScriptCaches (34ms)
			SetupLoadedEditorAssemblies (262ms)
				LogAssemblyErrors (0ms)
				InitializePlatformSupportModulesInManaged (4ms)
				SetLoadedEditorAssemblies (0ms)
				RefreshPlugins (0ms)
				BeforeProcessingInitializeOnLoad (67ms)
				ProcessInitializeOnLoadAttributes (174ms)
				ProcessInitializeOnLoadMethodAttributes (10ms)
				AfterProcessingInitializeOnLoad (6ms)
				EditorAssembliesLoaded (0ms)
			ExecutionOrderSort2 (0ms)
			AwakeInstancesAfterBackupRestoration (7ms)
Platform modules already initialized, skipping
Refreshing native plugins compatible for Editor in 0.37 ms, found 2 plugins.
Preloading 0 native plugins for Editor in 0.00 ms.
Unloading 1557 Unused Serialized files (Serialized files now loaded: 0)
System memory in use before: 88.3 MB.
System memory in use after: 88.4 MB.

Unloading 15 unused Assets to reduce memory usage. Loaded Objects now: 2074.
Total: 2.645500 ms (FindLiveObjects: 0.129300 ms CreateObjectMapping: 0.042300 ms MarkObjects: 2.362400 ms  DeleteObjects: 0.110600 ms)

AssetImportParameters requested are different than current active one (requested -> active):
  custom:framework-win-MediaFoundation: 216162199b28c13a410421893ffa2e32 -> 
  custom:video-decoder-ogg-theora: a1e56fd34408186e4bbccfd4996cb3dc -> 
  custom:container-muxer-webm: aa71ff27fc2769a1b78a27578f13a17b -> 
  custom:container-demuxer-webm: 4f35f7cbe854078d1ac9338744f61a02 -> 
  custom:container-demuxer-ogg: 62fdf1f143b41e24485cea50d1cbac27 -> 
  custom:video-encoder-webm-vp8: eb34c28f22e8b96e1ab97ce403110664 -> 
  custom:video-decoder-webm-vp8: 9c59270c3fd7afecdb556c50c9e8de78 -> 
  custom:audio-decoder-ogg-vorbis: bf7c407c2cedff20999df2af8eb42d56 -> 
  custom:audio-encoder-webm-vorbis: bf7c407c2cedff20999df2af8eb42d56 -> 
========================================================================
Received Import Request.
  Time since last request: 473.933894 seconds.
  path: Assets/SpriteGlow
  artifactKey: Guid(bc24a243bddc57143829a09bb64ff386) Importer(815301076,1909f56bfc062723c751e8b465ee728b)
Start importing Assets/SpriteGlow using Guid(bc24a243bddc57143829a09bb64ff386) Importer(815301076,1909f56bfc062723c751e8b465ee728b)  -> (artifact id: 'd526a9cedfade56ea8adb16a7bd15ee0') in 0.008768 seconds 
  Import took 0.011415 seconds .

========================================================================
Received Import Request.
  Time since last request: 1.209643 seconds.
  path: Assets/SpriteGlow/Resources
  artifactKey: Guid(ace73f7a7e4482a4181e5d03b2451e97) Importer(815301076,1909f56bfc062723c751e8b465ee728b)
Start importing Assets/SpriteGlow/Resources using Guid(ace73f7a7e4482a4181e5d03b2451e97) Importer(815301076,1909f56bfc062723c751e8b465ee728b)  -> (artifact id: 'c6869f33ae56acb22049f418e2428d5c') in 0.007006 seconds 
  Import took 0.009760 seconds .

========================================================================
Received Import Request.
  Time since last request: 0.869161 seconds.
  path: Assets/SpriteGlow/Resources/SpriteGlow
  artifactKey: Guid(465cdadf8542ec84b903ca3aa97e2568) Importer(815301076,1909f56bfc062723c751e8b465ee728b)
Start importing Assets/SpriteGlow/Resources/SpriteGlow using Guid(465cdadf8542ec84b903ca3aa97e2568) Importer(815301076,1909f56bfc062723c751e8b465ee728b)  -> (artifact id: '277f90df1ea0bc0838066c7aef6c4537') in 0.004095 seconds 
  Import took 0.007154 seconds .

========================================================================
Received Import Request.
  Time since last request: 0.760761 seconds.
  path: Assets/SpriteGlow/Resources/SpriteGlow/Shaders
  artifactKey: Guid(83705c0b31b26e640ae3aabe9d44f996) Importer(815301076,1909f56bfc062723c751e8b465ee728b)
Start importing Assets/SpriteGlow/Resources/SpriteGlow/Shaders using Guid(83705c0b31b26e640ae3aabe9d44f996) Importer(815301076,1909f56bfc062723c751e8b465ee728b)  -> (artifact id: 'ab050990d577a8f4a208886bc939d6dd') in 0.008115 seconds 
  Import took 0.010959 seconds .

========================================================================
Received Import Request.
  Time since last request: 1.160066 seconds.
  path: Assets/SpriteGlow/Resources/SpriteGlow/Shaders/SpriteOutline.shader
  artifactKey: Guid(c20308b0e23b78d4c85098af31f19cb4) Importer(815301076,1909f56bfc062723c751e8b465ee728b)
Start importing Assets/SpriteGlow/Resources/SpriteGlow/Shaders/SpriteOutline.shader using Guid(c20308b0e23b78d4c85098af31f19cb4) Importer(815301076,1909f56bfc062723c751e8b465ee728b)  -> (artifact id: '5abfb3ef556ea09d0a7e067ef355209c') in 0.020942 seconds 
  Import took 0.023539 seconds .

========================================================================
Received Import Request.
  Time since last request: 5.138245 seconds.
  path: Assets/SpriteGlow/package.json
  artifactKey: Guid(34bdb647c1b23044dae93cb1bfe93be1) Importer(815301076,1909f56bfc062723c751e8b465ee728b)
Start importing Assets/SpriteGlow/package.json using Guid(34bdb647c1b23044dae93cb1bfe93be1) Importer(815301076,1909f56bfc062723c751e8b465ee728b)  -> (artifact id: '008fd221c79d4e00e2765d398f08cb35') in 0.013576 seconds 
  Import took 0.016491 seconds .

========================================================================
Received Import Request.
  Time since last request: 1.321374 seconds.
  path: Assets/SpriteGlow/LICENSE.md
  artifactKey: Guid(122bd61b1d27e1c4a877a23cf2f9b16e) Importer(815301076,1909f56bfc062723c751e8b465ee728b)
Start importing Assets/SpriteGlow/LICENSE.md using Guid(122bd61b1d27e1c4a877a23cf2f9b16e) Importer(815301076,1909f56bfc062723c751e8b465ee728b)  -> (artifact id: '93ad60b10aeab5098cd9950337a41a87') in 0.009517 seconds 
  Import took 0.012373 seconds .

========================================================================
Received Import Request.
  Time since last request: 0.723487 seconds.
  path: Assets/SpriteGlow/Runtime
  artifactKey: Guid(e97733e71c7a1b04f8da98e3d94b5a69) Importer(815301076,1909f56bfc062723c751e8b465ee728b)
Start importing Assets/SpriteGlow/Runtime using Guid(e97733e71c7a1b04f8da98e3d94b5a69) Importer(815301076,1909f56bfc062723c751e8b465ee728b)  -> (artifact id: '4dbb22727283828860f166f571a016ce') in 0.007721 seconds 
  Import took 0.010859 seconds .

========================================================================
Received Import Request.
  Time since last request: 11.969895 seconds.
  path: Assets/SpriteGlow/Runtime/Elringus.SpriteGlow.Runtime.asmdef
  artifactKey: Guid(c7027099d74e3bf40a721835d6ab892e) Importer(815301076,1909f56bfc062723c751e8b465ee728b)
Start importing Assets/SpriteGlow/Runtime/Elringus.SpriteGlow.Runtime.asmdef using Guid(c7027099d74e3bf40a721835d6ab892e) Importer(815301076,1909f56bfc062723c751e8b465ee728b)  -> (artifact id: 'ac70722986c26d985d2af6d0f4708a06') in 0.006845 seconds 
  Import took 0.009564 seconds .

========================================================================
Received Import Request.
  Time since last request: 3.661462 seconds.
  path: Assets/SpriteGlow/Runtime/SpriteGlowEffect.cs
  artifactKey: Guid(e8f6d3c6e4250e84192f5b34ce9e71bc) Importer(815301076,1909f56bfc062723c751e8b465ee728b)
Start importing Assets/SpriteGlow/Runtime/SpriteGlowEffect.cs using Guid(e8f6d3c6e4250e84192f5b34ce9e71bc) Importer(815301076,1909f56bfc062723c751e8b465ee728b)  -> (artifact id: '1bd488a66e9c09f1d46c5657ab17ee84') in 0.005820 seconds 
  Import took 0.008593 seconds .

========================================================================
Received Import Request.
  Time since last request: 3.680401 seconds.
  path: Assets/SpriteGlow/Runtime/SpriteGlowMaterial.cs
  artifactKey: Guid(a7af5f0dbc0a2fd48b175d8fd1ae86a4) Importer(815301076,1909f56bfc062723c751e8b465ee728b)
Start importing Assets/SpriteGlow/Runtime/SpriteGlowMaterial.cs using Guid(a7af5f0dbc0a2fd48b175d8fd1ae86a4) Importer(815301076,1909f56bfc062723c751e8b465ee728b)  -> (artifact id: '069972fd79437aee783572af087996ab') in 0.006782 seconds 
  Import took 0.009366 seconds .

========================================================================
Received Prepare
Registering precompiled user dll's ...
Registered in 0.004581 seconds.
Begin MonoManager ReloadAssembly
Native extension for WindowsStandalone target not found
Refreshing native plugins compatible for Editor in 0.38 ms, found 2 plugins.
Preloading 0 native plugins for Editor in 0.00 ms.
Mono: successfully reloaded assembly
- Completed reload, in  0.953 seconds
Domain Reload Profiling:
	ReloadAssembly (954ms)
		BeginReloadAssembly (104ms)
			ExecutionOrderSort (0ms)
			DisableScriptedObjects (5ms)
			BackupInstance (0ms)
			ReleaseScriptingObjects (0ms)
			CreateAndSetChildDomain (30ms)
		EndReloadAssembly (783ms)
			LoadAssemblies (89ms)
			RebuildTransferFunctionScriptingTraits (0ms)
			SetupTypeCache (285ms)
			ReleaseScriptCaches (1ms)
			RebuildScriptCaches (38ms)
			SetupLoadedEditorAssemblies (277ms)
				LogAssemblyErrors (0ms)
				InitializePlatformSupportModulesInManaged (4ms)
				SetLoadedEditorAssemblies (1ms)
				RefreshPlugins (0ms)
				BeforeProcessingInitializeOnLoad (70ms)
				ProcessInitializeOnLoadAttributes (185ms)
				ProcessInitializeOnLoadMethodAttributes (9ms)
				AfterProcessingInitializeOnLoad (7ms)
				EditorAssembliesLoaded (0ms)
			ExecutionOrderSort2 (0ms)
			AwakeInstancesAfterBackupRestoration (6ms)
Platform modules already initialized, skipping
Refreshing native plugins compatible for Editor in 0.40 ms, found 2 plugins.
Preloading 0 native plugins for Editor in 0.00 ms.
Unloading 1554 Unused Serialized files (Serialized files now loaded: 0)
System memory in use before: 88.0 MB.
System memory in use after: 88.1 MB.

Unloading 16 unused Assets to reduce memory usage. Loaded Objects now: 2074.
Total: 2.605000 ms (FindLiveObjects: 0.148800 ms CreateObjectMapping: 0.051000 ms MarkObjects: 2.386300 ms  DeleteObjects: 0.017800 ms)

AssetImportParameters requested are different than current active one (requested -> active):
  custom:framework-win-MediaFoundation: 216162199b28c13a410421893ffa2e32 -> 
  custom:video-decoder-ogg-theora: a1e56fd34408186e4bbccfd4996cb3dc -> 
  custom:container-muxer-webm: aa71ff27fc2769a1b78a27578f13a17b -> 
  custom:container-demuxer-webm: 4f35f7cbe854078d1ac9338744f61a02 -> 
  custom:container-demuxer-ogg: 62fdf1f143b41e24485cea50d1cbac27 -> 
  custom:video-encoder-webm-vp8: eb34c28f22e8b96e1ab97ce403110664 -> 
  custom:video-decoder-webm-vp8: 9c59270c3fd7afecdb556c50c9e8de78 -> 
  custom:audio-decoder-ogg-vorbis: bf7c407c2cedff20999df2af8eb42d56 -> 
  custom:audio-encoder-webm-vorbis: bf7c407c2cedff20999df2af8eb42d56 -> 
========================================================================
Received Import Request.
  Time since last request: 1134.501686 seconds.
  path: Assets/Resources/FBX/Texture/Materials/M_Map_Ramp_05_d.mat
  artifactKey: Guid(f7a326fd93a1518469b2861926947a89) Importer(815301076,1909f56bfc062723c751e8b465ee728b)
Start importing Assets/Resources/FBX/Texture/Materials/M_Map_Ramp_05_d.mat using Guid(f7a326fd93a1518469b2861926947a89) Importer(815301076,1909f56bfc062723c751e8b465ee728b)  -> (artifact id: 'c5a71b9fdf85bd5d61dd60b2733fc8b5') in 0.081740 seconds 
  Import took 0.103687 seconds .

========================================================================
Received Import Request.
  Time since last request: 69.476542 seconds.
  path: Assets/Resources/FBX/Texture/Materials/M_Map_Ramp_01_d.mat
  artifactKey: Guid(21e03a16197b35d49830e87353a74e3c) Importer(815301076,1909f56bfc062723c751e8b465ee728b)
Start importing Assets/Resources/FBX/Texture/Materials/M_Map_Ramp_01_d.mat using Guid(21e03a16197b35d49830e87353a74e3c) Importer(815301076,1909f56bfc062723c751e8b465ee728b)  -> (artifact id: '176a5fec80b6ffee15a4f5bd1ab5b515') in 0.016796 seconds 
  Import took 0.021256 seconds .

========================================================================
Received Import Request.
  Time since last request: 22.887068 seconds.
  path: Assets/Resources/FBX/Texture/Materials/M_Map_Ramp_06_d.mat
  artifactKey: Guid(1580f635c53d3d24297318ba02e1ffaa) Importer(815301076,1909f56bfc062723c751e8b465ee728b)
Start importing Assets/Resources/FBX/Texture/Materials/M_Map_Ramp_06_d.mat using Guid(1580f635c53d3d24297318ba02e1ffaa) Importer(815301076,1909f56bfc062723c751e8b465ee728b)  -> (artifact id: 'eef0b786e705fa28edd87614fa3e0b51') in 0.019378 seconds 
  Import took 0.022279 seconds .

========================================================================
Received Import Request.
  Time since last request: 63.478441 seconds.
  path: Assets/Resources/FBX/Texture/Materials/M_Map_Ramp_03_d.mat
  artifactKey: Guid(d87375d99cbcc1e42a4eb164a48c3516) Importer(815301076,1909f56bfc062723c751e8b465ee728b)
Start importing Assets/Resources/FBX/Texture/Materials/M_Map_Ramp_03_d.mat using Guid(d87375d99cbcc1e42a4eb164a48c3516) Importer(815301076,1909f56bfc062723c751e8b465ee728b)  -> (artifact id: 'cd303bda1270d97c5d7f91e512f07258') in 0.019035 seconds 
  Import took 0.022796 seconds .

========================================================================
Received Import Request.
  Time since last request: 82.644058 seconds.
  path: Assets/Resources/FBX/Texture/Materials/t_map_switchbutton_03_d.mat
  artifactKey: Guid(d37b39328e062364f987a406ebb5a66e) Importer(815301076,1909f56bfc062723c751e8b465ee728b)
Start importing Assets/Resources/FBX/Texture/Materials/t_map_switchbutton_03_d.mat using Guid(d37b39328e062364f987a406ebb5a66e) Importer(815301076,1909f56bfc062723c751e8b465ee728b)  -> (artifact id: 'ff1f796c9169726b5cb094292292d7d4') in 0.020289 seconds 
  Import took 0.024732 seconds .

========================================================================
Received Import Request.
  Time since last request: 43.124991 seconds.
  path: Assets/Resources/FBX/Texture/Materials/t_map_switchbutton_06_d.mat
  artifactKey: Guid(05a0de5377a27164da6c5f0849e2ebf4) Importer(815301076,1909f56bfc062723c751e8b465ee728b)
Start importing Assets/Resources/FBX/Texture/Materials/t_map_switchbutton_06_d.mat using Guid(05a0de5377a27164da6c5f0849e2ebf4) Importer(815301076,1909f56bfc062723c751e8b465ee728b)  -> (artifact id: '2b58bd9f173c95d2f4174e7fbb270c48') in 0.018656 seconds 
  Import took 0.024421 seconds .

========================================================================
Received Import Request.
  Time since last request: 41.971767 seconds.
  path: Assets/Resources/FBX/Texture/Materials/t_map_switchbutton_05_d.mat
  artifactKey: Guid(94b7d91a8339ff14587f3e782b2cdabc) Importer(815301076,1909f56bfc062723c751e8b465ee728b)
Start importing Assets/Resources/FBX/Texture/Materials/t_map_switchbutton_05_d.mat using Guid(94b7d91a8339ff14587f3e782b2cdabc) Importer(815301076,1909f56bfc062723c751e8b465ee728b)  -> (artifact id: '137ca9961b4893ab0dc0311217b13584') in 0.020128 seconds 
  Import took 0.023344 seconds .

========================================================================
Received Import Request.
  Time since last request: 28.291371 seconds.
  path: Assets/Resources/FBX/Texture/Materials/t_map_switchbutton_04_d.mat
  artifactKey: Guid(958285826dc51db40902a378a69cba8c) Importer(815301076,1909f56bfc062723c751e8b465ee728b)
Start importing Assets/Resources/FBX/Texture/Materials/t_map_switchbutton_04_d.mat using Guid(958285826dc51db40902a378a69cba8c) Importer(815301076,1909f56bfc062723c751e8b465ee728b)  -> (artifact id: 'ffb2c40cb7d5fba0b586bdcd2cf3578f') in 0.018244 seconds 
  Import took 0.021296 seconds .

========================================================================
Received Import Request.
  Time since last request: 29.284850 seconds.
  path: Assets/Resources/FBX/Texture/Materials/t_map_switchbutton_07_d.mat
  artifactKey: Guid(dd0b4b67541a0d84aa0fc27cc62a77a8) Importer(815301076,1909f56bfc062723c751e8b465ee728b)
Start importing Assets/Resources/FBX/Texture/Materials/t_map_switchbutton_07_d.mat using Guid(dd0b4b67541a0d84aa0fc27cc62a77a8) Importer(815301076,1909f56bfc062723c751e8b465ee728b)  -> (artifact id: 'e5e01375b4415c8c841679d7b2a9f6f6') in 0.019532 seconds 
  Import took 0.022728 seconds .

========================================================================
Received Import Request.
  Time since last request: 6.429524 seconds.
  path: Assets/Resources/FBX/Texture/Materials/t_map_switchbutton_01_d.mat
  artifactKey: Guid(9374e4a7b7a9983499df77c56e5cccab) Importer(815301076,1909f56bfc062723c751e8b465ee728b)
Start importing Assets/Resources/FBX/Texture/Materials/t_map_switchbutton_01_d.mat using Guid(9374e4a7b7a9983499df77c56e5cccab) Importer(815301076,1909f56bfc062723c751e8b465ee728b)  -> (artifact id: '0715f56aeeed2d79f3325ec47d428ba4') in 0.017295 seconds 
  Import took 0.020364 seconds .

========================================================================
Received Import Request.
  Time since last request: 8.194500 seconds.
  path: Assets/Resources/FBX/Texture/Materials/t_map_switchbutton_02_d.mat
  artifactKey: Guid(c40f099a4f0a6cf4bb8f16a686f24aa8) Importer(815301076,1909f56bfc062723c751e8b465ee728b)
Start importing Assets/Resources/FBX/Texture/Materials/t_map_switchbutton_02_d.mat using Guid(c40f099a4f0a6cf4bb8f16a686f24aa8) Importer(815301076,1909f56bfc062723c751e8b465ee728b)  -> (artifact id: '8d691d77e8ec358f12415e2835ad3959') in 0.017923 seconds 
  Import took 0.021026 seconds .

========================================================================
Received Import Request.
  Time since last request: 150.978423 seconds.
  path: Assets/Resources/FBX/Texture/Materials/M_Map_Ramp_02_d.mat
  artifactKey: Guid(5570674a7b689214bb1fa3ea336d2069) Importer(815301076,1909f56bfc062723c751e8b465ee728b)
Start importing Assets/Resources/FBX/Texture/Materials/M_Map_Ramp_02_d.mat using Guid(5570674a7b689214bb1fa3ea336d2069) Importer(815301076,1909f56bfc062723c751e8b465ee728b)  -> (artifact id: '806fa58b37c4c8e55c9fa29f2156d953') in 0.020233 seconds 
  Import took 0.024549 seconds .

========================================================================
Received Import Request.
  Time since last request: 515.529809 seconds.
  path: Assets/Art.fbx
  artifactKey: Guid(2e7ad7d1254f56142bba693608f9a96b) Importer(815301076,1909f56bfc062723c751e8b465ee728b)
Start importing Assets/Art.fbx using Guid(2e7ad7d1254f56142bba693608f9a96b) Importer(815301076,1909f56bfc062723c751e8b465ee728b)  -> (artifact id: '8953ae675074fa6a2dd53ae91203ceb9') in 11.676815 seconds 
  Import took 11.896254 seconds .

========================================================================
Received Import Request.
  Time since last request: 384.770990 seconds.
  path: Assets/Resources/FBX/Texture/t_map_castle_03_d.png
  artifactKey: Guid(0e15d47941233e34a9fe76d4b354074c) Importer(815301076,1909f56bfc062723c751e8b465ee728b)
Start importing Assets/Resources/FBX/Texture/t_map_castle_03_d.png using Guid(0e15d47941233e34a9fe76d4b354074c) Importer(815301076,1909f56bfc062723c751e8b465ee728b)  -> (artifact id: 'f839b57ebaecf2f42527f2e25eb1294e') in 0.113326 seconds 
  Import took 0.125254 seconds .

========================================================================
Received Import Request.
  Time since last request: 8.378345 seconds.
  path: Assets/Resources/FBX/Texture/Materials/t_map_castle_03_d.mat
  artifactKey: Guid(c826dbe4832cd2b47b027b944bcb56d1) Importer(815301076,1909f56bfc062723c751e8b465ee728b)
Start importing Assets/Resources/FBX/Texture/Materials/t_map_castle_03_d.mat using Guid(c826dbe4832cd2b47b027b944bcb56d1) Importer(815301076,1909f56bfc062723c751e8b465ee728b)  -> (artifact id: 'c3a11f662e016c9816ba94ba51876cc7') in 0.028615 seconds 
  Import took 0.037449 seconds .

========================================================================
Received Import Request.
  Time since last request: 181.082340 seconds.
  path: Assets/Resources/FBX/Texture/Materials/t_map_flag_01_d.mat
  artifactKey: Guid(dcf1ecc1903f71940b8d6f6de3353b10) Importer(815301076,1909f56bfc062723c751e8b465ee728b)
Start importing Assets/Resources/FBX/Texture/Materials/t_map_flag_01_d.mat using Guid(dcf1ecc1903f71940b8d6f6de3353b10) Importer(815301076,1909f56bfc062723c751e8b465ee728b)  -> (artifact id: 'e7cf9746ba6229dfd5e59eeb56fc6ec2') in 0.055229 seconds 
  Import took 0.065968 seconds .

========================================================================
Received Prepare
Registering precompiled user dll's ...
Registered in 0.011864 seconds.
Begin MonoManager ReloadAssembly
Native extension for WindowsStandalone target not found
Refreshing native plugins compatible for Editor in 0.39 ms, found 2 plugins.
Preloading 0 native plugins for Editor in 0.00 ms.
Mono: successfully reloaded assembly
- Completed reload, in  1.946 seconds
Domain Reload Profiling:
	ReloadAssembly (1948ms)
		BeginReloadAssembly (412ms)
			ExecutionOrderSort (0ms)
			DisableScriptedObjects (31ms)
			BackupInstance (0ms)
			ReleaseScriptingObjects (0ms)
			CreateAndSetChildDomain (234ms)
		EndReloadAssembly (1315ms)
			LoadAssemblies (360ms)
			RebuildTransferFunctionScriptingTraits (0ms)
			SetupTypeCache (425ms)
			ReleaseScriptCaches (2ms)
			RebuildScriptCaches (56ms)
			SetupLoadedEditorAssemblies (380ms)
				LogAssemblyErrors (0ms)
				InitializePlatformSupportModulesInManaged (4ms)
				SetLoadedEditorAssemblies (1ms)
				RefreshPlugins (0ms)
				BeforeProcessingInitializeOnLoad (78ms)
				ProcessInitializeOnLoadAttributes (276ms)
				ProcessInitializeOnLoadMethodAttributes (14ms)
				AfterProcessingInitializeOnLoad (7ms)
				EditorAssembliesLoaded (0ms)
			ExecutionOrderSort2 (0ms)
			AwakeInstancesAfterBackupRestoration (12ms)
Platform modules already initialized, skipping
Refreshing native plugins compatible for Editor in 0.39 ms, found 2 plugins.
Preloading 0 native plugins for Editor in 0.00 ms.
Unloading 1554 Unused Serialized files (Serialized files now loaded: 0)
System memory in use before: 104.7 MB.
System memory in use after: 104.8 MB.

Unloading 14 unused Assets to reduce memory usage. Loaded Objects now: 2078.
Total: 2.962700 ms (FindLiveObjects: 0.153100 ms CreateObjectMapping: 0.048300 ms MarkObjects: 2.727200 ms  DeleteObjects: 0.032800 ms)

AssetImportParameters requested are different than current active one (requested -> active):
  custom:framework-win-MediaFoundation: 216162199b28c13a410421893ffa2e32 -> 
  custom:video-decoder-ogg-theora: a1e56fd34408186e4bbccfd4996cb3dc -> 
  custom:container-muxer-webm: aa71ff27fc2769a1b78a27578f13a17b -> 
  custom:container-demuxer-webm: 4f35f7cbe854078d1ac9338744f61a02 -> 
  custom:container-demuxer-ogg: 62fdf1f143b41e24485cea50d1cbac27 -> 
  custom:video-encoder-webm-vp8: eb34c28f22e8b96e1ab97ce403110664 -> 
  custom:video-decoder-webm-vp8: 9c59270c3fd7afecdb556c50c9e8de78 -> 
  custom:audio-decoder-ogg-vorbis: bf7c407c2cedff20999df2af8eb42d56 -> 
  custom:audio-encoder-webm-vorbis: bf7c407c2cedff20999df2af8eb42d56 -> 
========================================================================
Received Import Request.
  Time since last request: 437.210147 seconds.
  path: Assets/Resources/FBX/Texture/t_map_clouds_02.png
  artifactKey: Guid(1e5b2edfdeb93d441a33c5f3779fba30) Importer(815301076,1909f56bfc062723c751e8b465ee728b)
Start importing Assets/Resources/FBX/Texture/t_map_clouds_02.png using Guid(1e5b2edfdeb93d441a33c5f3779fba30) Importer(815301076,1909f56bfc062723c751e8b465ee728b)  -> (artifact id: '4c87b2bc5f5f1e54c9cb0d837994da2f') in 0.071648 seconds 
  Import took 0.077106 seconds .

========================================================================
Received Import Request.
  Time since last request: 3.677748 seconds.
  path: Assets/Resources/FBX/Texture/Materials/t_map_clouds_02.mat
  artifactKey: Guid(95b607368bddfde42a3a9069f787e8d6) Importer(815301076,1909f56bfc062723c751e8b465ee728b)
Start importing Assets/Resources/FBX/Texture/Materials/t_map_clouds_02.mat using Guid(95b607368bddfde42a3a9069f787e8d6) Importer(815301076,1909f56bfc062723c751e8b465ee728b)  -> (artifact id: '7cb2cedb87edda57e0eda59cf6d453e2') in 0.053539 seconds 
  Import took 0.056886 seconds .

========================================================================
Received Import Request.
  Time since last request: 335.854480 seconds.
  path: Assets/Resources/FBX/Texture/t_map_clouds_04.png
  artifactKey: Guid(3f486ca9f5cccea4fbcb311e45a3fe35) Importer(815301076,1909f56bfc062723c751e8b465ee728b)
Start importing Assets/Resources/FBX/Texture/t_map_clouds_04.png using Guid(3f486ca9f5cccea4fbcb311e45a3fe35) Importer(815301076,1909f56bfc062723c751e8b465ee728b)  -> (artifact id: '0024e55ced3b8710a57181500c583892') in 0.017600 seconds 
  Import took 0.027128 seconds .

========================================================================
Received Import Request.
  Time since last request: 0.000349 seconds.
  path: Assets/Resources/FBX/Texture/t_map_clouds_05.png
  artifactKey: Guid(882d61f1339fc6b4ca62136d9f704e11) Importer(815301076,1909f56bfc062723c751e8b465ee728b)
Start importing Assets/Resources/FBX/Texture/t_map_clouds_05.png using Guid(882d61f1339fc6b4ca62136d9f704e11) Importer(815301076,1909f56bfc062723c751e8b465ee728b)  -> (artifact id: '4e91071fd904d304897220ff5df3db4f') in 0.016563 seconds 
  Import took 0.019276 seconds .

========================================================================
Received Import Request.
  Time since last request: 0.000232 seconds.
  path: Assets/Resources/FBX/Texture/t_map_clouds_11.png
  artifactKey: Guid(c8bb0c3e3ec33f748b08a6c7e89c7f2a) Importer(815301076,1909f56bfc062723c751e8b465ee728b)
Start importing Assets/Resources/FBX/Texture/t_map_clouds_11.png using Guid(c8bb0c3e3ec33f748b08a6c7e89c7f2a) Importer(815301076,1909f56bfc062723c751e8b465ee728b)  -> (artifact id: '087e70e6d3db675778616395d25b2d50') in 0.022535 seconds 
  Import took 0.026908 seconds .

========================================================================
Received Import Request.
  Time since last request: 0.000224 seconds.
  path: Assets/Resources/FBX/Texture/t_map_clouds_06.png
  artifactKey: Guid(49a0e4c40a4528847908dbb1f4371696) Importer(815301076,1909f56bfc062723c751e8b465ee728b)
Start importing Assets/Resources/FBX/Texture/t_map_clouds_06.png using Guid(49a0e4c40a4528847908dbb1f4371696) Importer(815301076,1909f56bfc062723c751e8b465ee728b)  -> (artifact id: '49aae3e4f417c587778726204d303d50') in 0.027178 seconds 
  Import took 0.030147 seconds .

========================================================================
Received Import Request.
  Time since last request: 0.000326 seconds.
  path: Assets/Resources/FBX/Texture/t_map_clouds_09.png
  artifactKey: Guid(8fc22dbdea2b024468b2484cde4c4982) Importer(815301076,1909f56bfc062723c751e8b465ee728b)
Start importing Assets/Resources/FBX/Texture/t_map_clouds_09.png using Guid(8fc22dbdea2b024468b2484cde4c4982) Importer(815301076,1909f56bfc062723c751e8b465ee728b)  -> (artifact id: '25c7ca3ec1f695b69532c8d84fa9cb72') in 0.019160 seconds 
  Import took 0.022194 seconds .

========================================================================
Received Import Request.
  Time since last request: 0.000205 seconds.
  path: Assets/Resources/FBX/Texture/t_map_clouds_10.png
  artifactKey: Guid(f8e21378c0e7a7f46af9f488bd6aa11e) Importer(815301076,1909f56bfc062723c751e8b465ee728b)
Start importing Assets/Resources/FBX/Texture/t_map_clouds_10.png using Guid(f8e21378c0e7a7f46af9f488bd6aa11e) Importer(815301076,1909f56bfc062723c751e8b465ee728b)  -> (artifact id: 'bd2bb1186d5448cf7f9a2728495dea42') in 0.019171 seconds 
  Import took 0.022589 seconds .

========================================================================
Received Import Request.
  Time since last request: 0.000816 seconds.
  path: Assets/Resources/FBX/Texture/t_map_clouds_12.png
  artifactKey: Guid(aabbff337c7b14b4fb9bd6be78a04555) Importer(815301076,1909f56bfc062723c751e8b465ee728b)
Start importing Assets/Resources/FBX/Texture/t_map_clouds_12.png using Guid(aabbff337c7b14b4fb9bd6be78a04555) Importer(815301076,1909f56bfc062723c751e8b465ee728b)  -> (artifact id: 'fcf68bbaf62df1708ebd09fdfbcbcd50') in 0.018850 seconds 
  Import took 0.022147 seconds .

========================================================================
Received Import Request.
  Time since last request: 0.000229 seconds.
  path: Assets/Resources/FBX/Texture/t_map_clouds_08.png
  artifactKey: Guid(763069ee98739d2428795ae72a493fb0) Importer(815301076,1909f56bfc062723c751e8b465ee728b)
Start importing Assets/Resources/FBX/Texture/t_map_clouds_08.png using Guid(763069ee98739d2428795ae72a493fb0) Importer(815301076,1909f56bfc062723c751e8b465ee728b)  -> (artifact id: 'dff3a59dd78b0824418cadabfd705a05') in 0.019050 seconds 
  Import took 0.022027 seconds .

========================================================================
Received Import Request.
  Time since last request: 0.000206 seconds.
  path: Assets/Resources/FBX/Texture/t_map_clouds_07.png
  artifactKey: Guid(cf005a60b5f4211448d9b0f0769cbac9) Importer(815301076,1909f56bfc062723c751e8b465ee728b)
Start importing Assets/Resources/FBX/Texture/t_map_clouds_07.png using Guid(cf005a60b5f4211448d9b0f0769cbac9) Importer(815301076,1909f56bfc062723c751e8b465ee728b)  -> (artifact id: '43f470d1f4ece6b03c5605a79cbdfa53') in 0.019196 seconds 
  Import took 0.022082 seconds .

========================================================================
Received Import Request.
  Time since last request: 44.595628 seconds.
  path: Assets/Resources/FBX/Texture/Materials/t_map_clouds_04.mat
  artifactKey: Guid(14a64d09c2763b14b80a2fcaca0b4a6a) Importer(815301076,1909f56bfc062723c751e8b465ee728b)
Start importing Assets/Resources/FBX/Texture/Materials/t_map_clouds_04.mat using Guid(14a64d09c2763b14b80a2fcaca0b4a6a) Importer(815301076,1909f56bfc062723c751e8b465ee728b)  -> (artifact id: '7a0f00b1c046dd53622e4a7e305136ae') in 0.023583 seconds 
  Import took 0.026881 seconds .

========================================================================
Received Import Request.
  Time since last request: 72.144663 seconds.
  path: Assets/Resources/FBX/Texture/Materials/t_map_clouds_05.mat
  artifactKey: Guid(232a8ed34277b434eb161207f39ef80e) Importer(815301076,1909f56bfc062723c751e8b465ee728b)
Start importing Assets/Resources/FBX/Texture/Materials/t_map_clouds_05.mat using Guid(232a8ed34277b434eb161207f39ef80e) Importer(815301076,1909f56bfc062723c751e8b465ee728b)  -> (artifact id: 'fb29f0bc257412cef2f3d2dffb1196f5') in 0.046975 seconds 
  Import took 0.050430 seconds .

========================================================================
Received Import Request.
  Time since last request: 39.328969 seconds.
  path: Assets/Resources/FBX/Texture/Materials/t_map_clouds_06.mat
  artifactKey: Guid(eaa2f0d898a09474784359c41e578113) Importer(815301076,1909f56bfc062723c751e8b465ee728b)
Start importing Assets/Resources/FBX/Texture/Materials/t_map_clouds_06.mat using Guid(eaa2f0d898a09474784359c41e578113) Importer(815301076,1909f56bfc062723c751e8b465ee728b)  -> (artifact id: '1ed8c21bc5a4a3192c206f8dd6ad5509') in 0.017935 seconds 
  Import took 0.023996 seconds .

========================================================================
Received Import Request.
  Time since last request: 25.635054 seconds.
  path: Assets/Resources/FBX/Texture/Materials/t_map_clouds_07.mat
  artifactKey: Guid(a51f848d51b56bc4389b44de6db47e46) Importer(815301076,1909f56bfc062723c751e8b465ee728b)
Start importing Assets/Resources/FBX/Texture/Materials/t_map_clouds_07.mat using Guid(a51f848d51b56bc4389b44de6db47e46) Importer(815301076,1909f56bfc062723c751e8b465ee728b)  -> (artifact id: '619b50ebbe01152b0666c7395b8555c7') in 0.023106 seconds 
  Import took 0.026977 seconds .

========================================================================
Received Import Request.
  Time since last request: 27.094172 seconds.
  path: Assets/Resources/FBX/Texture/Materials/t_map_clouds_08.mat
  artifactKey: Guid(e4b3101c4af289a499c3d1523bd285ca) Importer(815301076,1909f56bfc062723c751e8b465ee728b)
Start importing Assets/Resources/FBX/Texture/Materials/t_map_clouds_08.mat using Guid(e4b3101c4af289a499c3d1523bd285ca) Importer(815301076,1909f56bfc062723c751e8b465ee728b)  -> (artifact id: '8a3eab12ae3d4e664bbb793cad92aa38') in 0.019253 seconds 
  Import took 0.024011 seconds .

========================================================================
Received Import Request.
  Time since last request: 36.985066 seconds.
  path: Assets/Resources/FBX/Texture/Materials/t_map_clouds_09.mat
  artifactKey: Guid(c8742cdadc959cf4f8b621858a67643c) Importer(815301076,1909f56bfc062723c751e8b465ee728b)
Start importing Assets/Resources/FBX/Texture/Materials/t_map_clouds_09.mat using Guid(c8742cdadc959cf4f8b621858a67643c) Importer(815301076,1909f56bfc062723c751e8b465ee728b)  -> (artifact id: 'd6fc9ad754e9cf7e940a6ada3d2586d9') in 0.019662 seconds 
  Import took 0.023052 seconds .

========================================================================
Received Import Request.
  Time since last request: 23.095642 seconds.
  path: Assets/Resources/FBX/Texture/Materials/t_map_clouds_10.mat
  artifactKey: Guid(614535059269e414f9f03e9002ec33d2) Importer(815301076,1909f56bfc062723c751e8b465ee728b)
Start importing Assets/Resources/FBX/Texture/Materials/t_map_clouds_10.mat using Guid(614535059269e414f9f03e9002ec33d2) Importer(815301076,1909f56bfc062723c751e8b465ee728b)  -> (artifact id: '907c92fd017f9908c5d3ed8563a8facc') in 0.034332 seconds 
  Import took 0.045763 seconds .

========================================================================
Received Import Request.
  Time since last request: 18.570669 seconds.
  path: Assets/Resources/FBX/Texture/Materials/t_map_clouds_11.mat
  artifactKey: Guid(4a88e7ac3698db548af15b58295ce0be) Importer(815301076,1909f56bfc062723c751e8b465ee728b)
Start importing Assets/Resources/FBX/Texture/Materials/t_map_clouds_11.mat using Guid(4a88e7ac3698db548af15b58295ce0be) Importer(815301076,1909f56bfc062723c751e8b465ee728b)  -> (artifact id: 'b4fd62364e23f0b531ddbfd26fdf630d') in 0.020585 seconds 
  Import took 0.023533 seconds .

========================================================================
Received Import Request.
  Time since last request: 22.804913 seconds.
  path: Assets/Resources/FBX/Texture/Materials/t_map_clouds_12.mat
  artifactKey: Guid(60803a90363f7824ca8d48c5bce6f04a) Importer(815301076,1909f56bfc062723c751e8b465ee728b)
Start importing Assets/Resources/FBX/Texture/Materials/t_map_clouds_12.mat using Guid(60803a90363f7824ca8d48c5bce6f04a) Importer(815301076,1909f56bfc062723c751e8b465ee728b)  -> (artifact id: '570dc282333243eaf72b27bf5eb16ae2') in 0.023425 seconds 
  Import took 0.027531 seconds .

========================================================================
Received Prepare
Registering precompiled user dll's ...
Registered in 0.004236 seconds.
Begin MonoManager ReloadAssembly
Native extension for WindowsStandalone target not found
Refreshing native plugins compatible for Editor in 0.38 ms, found 2 plugins.
Preloading 0 native plugins for Editor in 0.00 ms.
Mono: successfully reloaded assembly
- Completed reload, in  0.948 seconds
Domain Reload Profiling:
	ReloadAssembly (949ms)
		BeginReloadAssembly (110ms)
			ExecutionOrderSort (0ms)
			DisableScriptedObjects (4ms)
			BackupInstance (0ms)
			ReleaseScriptingObjects (0ms)
			CreateAndSetChildDomain (36ms)
		EndReloadAssembly (778ms)
			LoadAssemblies (94ms)
			RebuildTransferFunctionScriptingTraits (0ms)
			SetupTypeCache (277ms)
			ReleaseScriptCaches (1ms)
			RebuildScriptCaches (36ms)
			SetupLoadedEditorAssemblies (276ms)
				LogAssemblyErrors (0ms)
				InitializePlatformSupportModulesInManaged (4ms)
				SetLoadedEditorAssemblies (1ms)
				RefreshPlugins (0ms)
				BeforeProcessingInitializeOnLoad (70ms)
				ProcessInitializeOnLoadAttributes (186ms)
				ProcessInitializeOnLoadMethodAttributes (8ms)
				AfterProcessingInitializeOnLoad (6ms)
				EditorAssembliesLoaded (0ms)
			ExecutionOrderSort2 (0ms)
			AwakeInstancesAfterBackupRestoration (6ms)
Platform modules already initialized, skipping
Refreshing native plugins compatible for Editor in 0.37 ms, found 2 plugins.
Preloading 0 native plugins for Editor in 0.00 ms.
Unloading 1554 Unused Serialized files (Serialized files now loaded: 0)
System memory in use before: 104.8 MB.
System memory in use after: 104.9 MB.

Unloading 14 unused Assets to reduce memory usage. Loaded Objects now: 2082.
Total: 2.647100 ms (FindLiveObjects: 0.214100 ms CreateObjectMapping: 0.046600 ms MarkObjects: 2.369900 ms  DeleteObjects: 0.015400 ms)

AssetImportParameters requested are different than current active one (requested -> active):
  custom:framework-win-MediaFoundation: 216162199b28c13a410421893ffa2e32 -> 
  custom:video-decoder-ogg-theora: a1e56fd34408186e4bbccfd4996cb3dc -> 
  custom:container-muxer-webm: aa71ff27fc2769a1b78a27578f13a17b -> 
  custom:container-demuxer-webm: 4f35f7cbe854078d1ac9338744f61a02 -> 
  custom:container-demuxer-ogg: 62fdf1f143b41e24485cea50d1cbac27 -> 
  custom:video-encoder-webm-vp8: eb34c28f22e8b96e1ab97ce403110664 -> 
  custom:video-decoder-webm-vp8: 9c59270c3fd7afecdb556c50c9e8de78 -> 
  custom:audio-decoder-ogg-vorbis: bf7c407c2cedff20999df2af8eb42d56 -> 
  custom:audio-encoder-webm-vorbis: bf7c407c2cedff20999df2af8eb42d56 -> 
========================================================================
Received Import Request.
  Time since last request: 113.037078 seconds.
  path: Assets/Resources/FBX/Texture/Materials/t_map_clouds_09.mat
  artifactKey: Guid(c8742cdadc959cf4f8b621858a67643c) Importer(815301076,1909f56bfc062723c751e8b465ee728b)
Start importing Assets/Resources/FBX/Texture/Materials/t_map_clouds_09.mat using Guid(c8742cdadc959cf4f8b621858a67643c) Importer(815301076,1909f56bfc062723c751e8b465ee728b)  -> (artifact id: 'f531923183eb2b5b4aab254660bf5983') in 0.056632 seconds 
  Import took 0.059143 seconds .

========================================================================
Received Import Request.
  Time since last request: 0.000288 seconds.
  path: Assets/Resources/FBX/Texture/Materials/t_map_clouds_07.mat
  artifactKey: Guid(a51f848d51b56bc4389b44de6db47e46) Importer(815301076,1909f56bfc062723c751e8b465ee728b)
Start importing Assets/Resources/FBX/Texture/Materials/t_map_clouds_07.mat using Guid(a51f848d51b56bc4389b44de6db47e46) Importer(815301076,1909f56bfc062723c751e8b465ee728b)  -> (artifact id: '0da4a77e89bf6eef10d7d0cdea28b689') in 0.014979 seconds 
  Import took 0.017865 seconds .

========================================================================
Received Import Request.
  Time since last request: 0.000311 seconds.
  path: Assets/Resources/FBX/Texture/Materials/t_map_clouds_12.mat
  artifactKey: Guid(60803a90363f7824ca8d48c5bce6f04a) Importer(815301076,1909f56bfc062723c751e8b465ee728b)
Start importing Assets/Resources/FBX/Texture/Materials/t_map_clouds_12.mat using Guid(60803a90363f7824ca8d48c5bce6f04a) Importer(815301076,1909f56bfc062723c751e8b465ee728b)  -> (artifact id: '73a354c9eb610d59a53ce7b5ef6549ee') in 0.023301 seconds 
  Import took 0.026184 seconds .

========================================================================
Received Import Request.
  Time since last request: 0.000216 seconds.
  path: Assets/Resources/FBX/Texture/Materials/t_map_clouds_05.mat
  artifactKey: Guid(232a8ed34277b434eb161207f39ef80e) Importer(815301076,1909f56bfc062723c751e8b465ee728b)
Start importing Assets/Resources/FBX/Texture/Materials/t_map_clouds_05.mat using Guid(232a8ed34277b434eb161207f39ef80e) Importer(815301076,1909f56bfc062723c751e8b465ee728b)  -> (artifact id: '69e1a95d8e50f8bbea12fe1edbeedbfc') in 0.024603 seconds 
  Import took 0.028644 seconds .

========================================================================
Received Import Request.
  Time since last request: 0.000371 seconds.
  path: Assets/Resources/FBX/Texture/Materials/t_map_clouds_10.mat
  artifactKey: Guid(614535059269e414f9f03e9002ec33d2) Importer(815301076,1909f56bfc062723c751e8b465ee728b)
Start importing Assets/Resources/FBX/Texture/Materials/t_map_clouds_10.mat using Guid(614535059269e414f9f03e9002ec33d2) Importer(815301076,1909f56bfc062723c751e8b465ee728b)  -> (artifact id: '6e210b812c0cb7ddf627a3fa423669f7') in 0.019215 seconds 
  Import took 0.022837 seconds .

========================================================================
Received Import Request.
  Time since last request: 0.000284 seconds.
  path: Assets/Resources/FBX/Texture/Materials/t_map_clouds_02.mat
  artifactKey: Guid(95b607368bddfde42a3a9069f787e8d6) Importer(815301076,1909f56bfc062723c751e8b465ee728b)
Start importing Assets/Resources/FBX/Texture/Materials/t_map_clouds_02.mat using Guid(95b607368bddfde42a3a9069f787e8d6) Importer(815301076,1909f56bfc062723c751e8b465ee728b)  -> (artifact id: '451c04a60171bbf628763698149b55f7') in 0.020854 seconds 
  Import took 0.024816 seconds .

========================================================================
Received Import Request.
  Time since last request: 0.000308 seconds.
  path: Assets/Resources/FBX/Texture/Materials/t_map_clouds_11.mat
  artifactKey: Guid(4a88e7ac3698db548af15b58295ce0be) Importer(815301076,1909f56bfc062723c751e8b465ee728b)
Start importing Assets/Resources/FBX/Texture/Materials/t_map_clouds_11.mat using Guid(4a88e7ac3698db548af15b58295ce0be) Importer(815301076,1909f56bfc062723c751e8b465ee728b)  -> (artifact id: '5eda809c77ab0a9e4d42ee8383adb778') in 0.016603 seconds 
  Import took 0.020210 seconds .

========================================================================
Received Import Request.
  Time since last request: 0.000165 seconds.
  path: Assets/Resources/FBX/Texture/Materials/t_map_clouds_04.mat
  artifactKey: Guid(14a64d09c2763b14b80a2fcaca0b4a6a) Importer(815301076,1909f56bfc062723c751e8b465ee728b)
Start importing Assets/Resources/FBX/Texture/Materials/t_map_clouds_04.mat using Guid(14a64d09c2763b14b80a2fcaca0b4a6a) Importer(815301076,1909f56bfc062723c751e8b465ee728b)  -> (artifact id: '7e9c550c1da0aa96e57519fb9653dfa8') in 0.025448 seconds 
  Import took 0.029814 seconds .

========================================================================
Received Import Request.
  Time since last request: 0.000232 seconds.
  path: Assets/Resources/FBX/Texture/Materials/t_map_clouds_08.mat
  artifactKey: Guid(e4b3101c4af289a499c3d1523bd285ca) Importer(815301076,1909f56bfc062723c751e8b465ee728b)
Start importing Assets/Resources/FBX/Texture/Materials/t_map_clouds_08.mat using Guid(e4b3101c4af289a499c3d1523bd285ca) Importer(815301076,1909f56bfc062723c751e8b465ee728b)  -> (artifact id: '4e2765bd7dabc55480ea1e815e903714') in 0.016014 seconds 
  Import took 0.019067 seconds .

AssetImportWorkerClient::OnTransportError - code=2 error=End of file
